Using pre-set license
Built from '2021.3/staging' branch; Version is '2021.3.21f1 (1b156197d683) revision 1774945'; Using compiler version '192829333'; Build Type 'Release'
OS: 'Windows 11  (10.0.22000) 64bit Professional' Language: 'ko' Physical Memory: 16100 MB
BatchMode: 1, IsHumanControllingUs: 0, StartBugReporterOnCrash: 0, Is64bit: 1, IsPro: 1

COMMAND LINE ARGUMENTS:
C:\Program Files\Unity\Hub\Editor\2021.3.21f1\Editor\Unity.exe
-adb2
-batchMode
-noUpm
-name
AssetImportWorker4
-projectPath
C:/Users/seongjae/3D_SurvivorGame
-logFile
Logs/AssetImportWorker4.log
-srvPort
53195
Successfully changed project path to: C:/Users/seongjae/3D_SurvivorGame
C:/Users/seongjae/3D_SurvivorGame
[UnityMemory] Configuration Parameters - Can be set up in boot.config
    "memorysetup-bucket-allocator-granularity=16"
    "memorysetup-bucket-allocator-bucket-count=8"
    "memorysetup-bucket-allocator-block-size=33554432"
    "memorysetup-bucket-allocator-block-count=8"
    "memorysetup-main-allocator-block-size=16777216"
    "memorysetup-thread-allocator-block-size=16777216"
    "memorysetup-gfx-main-allocator-block-size=16777216"
    "memorysetup-gfx-thread-allocator-block-size=16777216"
    "memorysetup-cache-allocator-block-size=4194304"
    "memorysetup-typetree-allocator-block-size=2097152"
    "memorysetup-profiler-bucket-allocator-granularity=16"
    "memorysetup-profiler-bucket-allocator-bucket-count=8"
    "memorysetup-profiler-bucket-allocator-block-size=33554432"
    "memorysetup-profiler-bucket-allocator-block-count=8"
    "memorysetup-profiler-allocator-block-size=16777216"
    "memorysetup-profiler-editor-allocator-block-size=1048576"
    "memorysetup-temp-allocator-size-main=16777216"
    "memorysetup-job-temp-allocator-block-size=2097152"
    "memorysetup-job-temp-allocator-block-size-background=1048576"
    "memorysetup-job-temp-allocator-reduction-small-platforms=262144"
    "memorysetup-temp-allocator-size-background-worker=32768"
    "memorysetup-temp-allocator-size-job-worker=262144"
    "memorysetup-temp-allocator-size-preload-manager=33554432"
    "memorysetup-temp-allocator-size-nav-mesh-worker=65536"
    "memorysetup-temp-allocator-size-audio-worker=65536"
    "memorysetup-temp-allocator-size-cloud-worker=32768"
    "memorysetup-temp-allocator-size-gi-baking-worker=262144"
    "memorysetup-temp-allocator-size-gfx=262144"
Player connection [16048] Host "[IP] 192.168.46.1 [Port] 0 [Flags] 2 [Guid] 3072307580 [EditorId] 3072307580 [Version] 1048832 [Id] WindowsEditor(7,DESKTOP-NKIOUVQ) [Debug] 1 [PackageName] WindowsEditor [ProjectName] Editor" joined multi-casting on [225.0.0.222:54997]...

Player connection [16048] Host "[IP] 192.168.46.1 [Port] 0 [Flags] 2 [Guid] 3072307580 [EditorId] 3072307580 [Version] 1048832 [Id] WindowsEditor(7,DESKTOP-NKIOUVQ) [Debug] 1 [PackageName] WindowsEditor [ProjectName] Editor" joined alternative multi-casting on [225.0.0.222:34997]...

Refreshing native plugins compatible for Editor in 64.64 ms, found 3 plugins.
Preloading 0 native plugins for Editor in 0.00 ms.
Initialize engine version: 2021.3.21f1 (1b156197d683)
[Subsystems] Discovering subsystems at path C:/Program Files/Unity/Hub/Editor/2021.3.21f1/Editor/Data/Resources/UnitySubsystems
[Subsystems] Discovering subsystems at path C:/Users/seongjae/3D_SurvivorGame/Assets
GfxDevice: creating device client; threaded=0; jobified=0
Direct3D:
    Version:  Direct3D 11.0 [level 11.1]
    Renderer: NVIDIA GeForce RTX 2050 (ID=0x25a9)
    Vendor:   NVIDIA
    VRAM:     3993 MB
    Driver:   30.0.15.1228
Initialize mono
Mono path[0] = 'C:/Program Files/Unity/Hub/Editor/2021.3.21f1/Editor/Data/Managed'
Mono path[1] = 'C:/Program Files/Unity/Hub/Editor/2021.3.21f1/Editor/Data/MonoBleedingEdge/lib/mono/unityjit-win32'
Mono config path = 'C:/Program Files/Unity/Hub/Editor/2021.3.21f1/Editor/Data/MonoBleedingEdge/etc'
Using monoOptions --debugger-agent=transport=dt_socket,embedding=1,server=y,suspend=n,address=127.0.0.1:56084
Begin MonoManager ReloadAssembly
Registering precompiled unity dll's ...
Register platform support module: C:/Program Files/Unity/Hub/Editor/2021.3.21f1/Editor/Data/PlaybackEngines/WindowsStandaloneSupport/UnityEditor.WindowsStandalone.Extensions.dll
Registered in 0.007314 seconds.
Native extension for WindowsStandalone target not found
Refreshing native plugins compatible for Editor in 64.05 ms, found 3 plugins.
Preloading 0 native plugins for Editor in 0.00 ms.
Mono: successfully reloaded assembly
- Completed reload, in  0.593 seconds
Domain Reload Profiling:
	ReloadAssembly (594ms)
		BeginReloadAssembly (88ms)
			ExecutionOrderSort (0ms)
			DisableScriptedObjects (0ms)
			BackupInstance (0ms)
			ReleaseScriptingObjects (0ms)
			CreateAndSetChildDomain (1ms)
		EndReloadAssembly (409ms)
			LoadAssemblies (86ms)
			RebuildTransferFunctionScriptingTraits (0ms)
			SetupTypeCache (101ms)
			ReleaseScriptCaches (0ms)
			RebuildScriptCaches (25ms)
			SetupLoadedEditorAssemblies (234ms)
				LogAssemblyErrors (0ms)
				InitializePlatformSupportModulesInManaged (8ms)
				SetLoadedEditorAssemblies (0ms)
				RefreshPlugins (64ms)
				BeforeProcessingInitializeOnLoad (1ms)
				ProcessInitializeOnLoadAttributes (115ms)
				ProcessInitializeOnLoadMethodAttributes (46ms)
				AfterProcessingInitializeOnLoad (0ms)
				EditorAssembliesLoaded (0ms)
			ExecutionOrderSort2 (0ms)
			AwakeInstancesAfterBackupRestoration (0ms)
Platform modules already initialized, skipping
Registering precompiled user dll's ...
Registered in 0.006239 seconds.
Begin MonoManager ReloadAssembly
Symbol file LoadedFromMemory doesn't match image C:\Users\seongjae\3D_SurvivorGame\Library\PackageCache\com.unity.visualscripting@1.8.0\Editor\VisualScripting.Core\Dependencies\YamlDotNet\Unity.VisualScripting.YamlDotNet.dll
Symbol file LoadedFromMemory doesn't match image C:\Users\seongjae\3D_SurvivorGame\Library\PackageCache\com.unity.visualscripting@1.8.0\Editor\VisualScripting.Core\Dependencies\DotNetZip\Unity.VisualScripting.IonicZip.dll
Native extension for WindowsStandalone target not found
Refreshing native plugins compatible for Editor in 0.55 ms, found 3 plugins.
Preloading 0 native plugins for Editor in 0.00 ms.
Mono: successfully reloaded assembly
- Completed reload, in  0.913 seconds
Domain Reload Profiling:
	ReloadAssembly (914ms)
		BeginReloadAssembly (116ms)
			ExecutionOrderSort (0ms)
			DisableScriptedObjects (5ms)
			BackupInstance (0ms)
			ReleaseScriptingObjects (0ms)
			CreateAndSetChildDomain (19ms)
		EndReloadAssembly (693ms)
			LoadAssemblies (88ms)
			RebuildTransferFunctionScriptingTraits (0ms)
			SetupTypeCache (233ms)
			ReleaseScriptCaches (0ms)
			RebuildScriptCaches (44ms)
			SetupLoadedEditorAssemblies (304ms)
				LogAssemblyErrors (0ms)
				InitializePlatformSupportModulesInManaged (7ms)
				SetLoadedEditorAssemblies (0ms)
				RefreshPlugins (1ms)
				BeforeProcessingInitializeOnLoad (68ms)
				ProcessInitializeOnLoadAttributes (202ms)
				ProcessInitializeOnLoadMethodAttributes (17ms)
				AfterProcessingInitializeOnLoad (9ms)
				EditorAssembliesLoaded (0ms)
			ExecutionOrderSort2 (0ms)
			AwakeInstancesAfterBackupRestoration (8ms)
Platform modules already initialized, skipping
========================================================================
Worker process is ready to serve import requests
Launched and connected shader compiler UnityShaderCompiler.exe after 0.04 seconds
Refreshing native plugins compatible for Editor in 0.77 ms, found 3 plugins.
Preloading 0 native plugins for Editor in 0.00 ms.
Unloading 3049 Unused Serialized files (Serialized files now loaded: 0)
Unloading 24 unused Assets / (113.7 KB). Loaded Objects now: 3526.
Memory consumption went from 120.3 MB to 120.2 MB.
Total: 2.815600 ms (FindLiveObjects: 0.217700 ms CreateObjectMapping: 0.093400 ms MarkObjects: 2.378200 ms  DeleteObjects: 0.124900 ms)

AssetImportParameters requested are different than current active one (requested -> active):
  custom:video-decoder-ogg-theora: a1e56fd34408186e4bbccfd4996cb3dc -> 
  custom:container-muxer-webm: aa71ff27fc2769a1b78a27578f13a17b -> 
  custom:container-demuxer-webm: 4f35f7cbe854078d1ac9338744f61a02 -> 
  custom:video-encoder-webm-vp8: eb34c28f22e8b96e1ab97ce403110664 -> 
  custom:audio-encoder-webm-vorbis: bf7c407c2cedff20999df2af8eb42d56 -> 
  custom:framework-win-MediaFoundation: 216162199b28c13a410421893ffa2e32 -> 
  custom:container-demuxer-ogg: 62fdf1f143b41e24485cea50d1cbac27 -> 
  custom:video-decoder-webm-vp8: 9c59270c3fd7afecdb556c50c9e8de78 -> 
  custom:audio-decoder-ogg-vorbis: bf7c407c2cedff20999df2af8eb42d56 -> 
========================================================================
Received Import Request.
  Time since last request: 782754.542438 seconds.
  path: Assets/Assets/Image/UI/Archemy Table/Archemy_Base_UI.png
  artifactKey: Guid(6fbc46c165e682a4fad30cb3414942bb) Importer(815301076,1909f56bfc062723c751e8b465ee728b)
Start importing Assets/Assets/Image/UI/Archemy Table/Archemy_Base_UI.png using Guid(6fbc46c165e682a4fad30cb3414942bb) Importer(815301076,1909f56bfc062723c751e8b465ee728b)  -> (artifact id: 'e99b826068941a9450bff80821adeef1') in 0.095076 seconds 
========================================================================
Received Import Request.
  Time since last request: 241.676911 seconds.
  path: Assets/Assets/Image/UI/Oxygen/Oxygen_Base_Gauge.png
  artifactKey: Guid(84d77adc84b629946bf35d2559194954) Importer(815301076,1909f56bfc062723c751e8b465ee728b)
Start importing Assets/Assets/Image/UI/Oxygen/Oxygen_Base_Gauge.png using Guid(84d77adc84b629946bf35d2559194954) Importer(815301076,1909f56bfc062723c751e8b465ee728b)  -> (artifact id: 'a27b7d903f426d1379a1100358ca0184') in 0.024417 seconds 
========================================================================
Received Import Request.
  Time since last request: 0.560236 seconds.
  path: Assets/Assets/Image/UI/Quick Slot/QuickSlot_UI_Base.png
  artifactKey: Guid(d50b3d377d28c424484da1401fbba78d) Importer(815301076,1909f56bfc062723c751e8b465ee728b)
Start importing Assets/Assets/Image/UI/Quick Slot/QuickSlot_UI_Base.png using Guid(d50b3d377d28c424484da1401fbba78d) Importer(815301076,1909f56bfc062723c751e8b465ee728b)  -> (artifact id: '76de4c6a1dd3c48c6b9133336e952518') in 0.021045 seconds 
========================================================================
Received Import Request.
  Time since last request: 3.116779 seconds.
  path: Assets/Assets/Image/Grass/grass.png
  artifactKey: Guid(f7dbd4a3e8aab714090671a2e291d509) Importer(815301076,1909f56bfc062723c751e8b465ee728b)
Start importing Assets/Assets/Image/Grass/grass.png using Guid(f7dbd4a3e8aab714090671a2e291d509) Importer(815301076,1909f56bfc062723c751e8b465ee728b)  -> (artifact id: '0093393f3f19c9159f75cbb0a5bd5071') in 0.024024 seconds 
========================================================================
Received Import Request.
  Time since last request: 25.987573 seconds.
  path: Assets/Assets/New Folder
  artifactKey: Guid(bd5754546691ded4681dd53c83b1c7b4) Importer(815301076,1909f56bfc062723c751e8b465ee728b)
Start importing Assets/Assets/New Folder using Guid(bd5754546691ded4681dd53c83b1c7b4) Importer(815301076,1909f56bfc062723c751e8b465ee728b)  -> (artifact id: '3b49bceda0fae88abf37bb3439c6af57') in 0.003770 seconds 
========================================================================
Received Import Request.
  Time since last request: 13.402013 seconds.
  path: Assets/Assets/Prefab
  artifactKey: Guid(bd5754546691ded4681dd53c83b1c7b4) Importer(815301076,1909f56bfc062723c751e8b465ee728b)
Start importing Assets/Assets/Prefab using Guid(bd5754546691ded4681dd53c83b1c7b4) Importer(815301076,1909f56bfc062723c751e8b465ee728b)  -> (artifact id: 'c3e2292cb65acaea5e12ca98883fc6f8') in 0.003594 seconds 
========================================================================
Received Import Request.
  Time since last request: 4.638495 seconds.
  path: Assets/Assets/Prefab/Tree.prefab
  artifactKey: Guid(092e520427a348b4daf89df386b34fac) Importer(815301076,1909f56bfc062723c751e8b465ee728b)
Start importing Assets/Assets/Prefab/Tree.prefab using Guid(092e520427a348b4daf89df386b34fac) Importer(815301076,1909f56bfc062723c751e8b465ee728b)  -> (artifact id: '77d473bd8de25d3161b6999bd873afae') in 0.348275 seconds 
========================================================================
Received Import Request.
  Time since last request: 134.251170 seconds.
  path: Assets/Assets/Image/Grass
  artifactKey: Guid(5d6c56eaededc5c46b427977f7abf3a2) Importer(815301076,1909f56bfc062723c751e8b465ee728b)
Start importing Assets/Assets/Image/Grass using Guid(5d6c56eaededc5c46b427977f7abf3a2) Importer(815301076,1909f56bfc062723c751e8b465ee728b)  -> (artifact id: '6b7c3d63c2c3f029fd43faeabddb31a2') in 0.004719 seconds 
========================================================================
Received Import Request.
  Time since last request: 119.807455 seconds.
  path: Assets/Assets/Particle System/Flame/Flame1_image.png
  artifactKey: Guid(1eece0004a5cde640a449fba81dedc2e) Importer(815301076,1909f56bfc062723c751e8b465ee728b)
Start importing Assets/Assets/Particle System/Flame/Flame1_image.png using Guid(1eece0004a5cde640a449fba81dedc2e) Importer(815301076,1909f56bfc062723c751e8b465ee728b)  -> (artifact id: 'eab8b88a82291bc9dae133d6b84fb842') in 0.023564 seconds 
========================================================================
Received Import Request.
  Time since last request: 0.000027 seconds.
  path: Assets/Assets/Particle System/Flame/New Material.mat
  artifactKey: Guid(77472016b6fb44c4e992ef2deb96b923) Importer(815301076,1909f56bfc062723c751e8b465ee728b)
Start importing Assets/Assets/Particle System/Flame/New Material.mat using Guid(77472016b6fb44c4e992ef2deb96b923) Importer(815301076,1909f56bfc062723c751e8b465ee728b)  -> (artifact id: '667503c14470ee4e3f06dea6504da274') in 0.115741 seconds 
========================================================================
Received Import Request.
  Time since last request: 23.512524 seconds.
  path: Assets/Assets/Image/Item/item_axe.png
  artifactKey: Guid(74ea62c33f6fb264f8e327e9ec5a4258) Importer(815301076,1909f56bfc062723c751e8b465ee728b)
Start importing Assets/Assets/Image/Item/item_axe.png using Guid(74ea62c33f6fb264f8e327e9ec5a4258) Importer(815301076,1909f56bfc062723c751e8b465ee728b)  -> (artifact id: 'cdf114f8e3066ed1dd0554dd496541c4') in 0.014433 seconds 
========================================================================
Received Import Request.
  Time since last request: 0.000026 seconds.
  path: Assets/Assets/Image/Item/item_Used_Red_Potion.png
  artifactKey: Guid(1c942c5f13f7e484282794409171c3c5) Importer(815301076,1909f56bfc062723c751e8b465ee728b)
Start importing Assets/Assets/Image/Item/item_Used_Red_Potion.png using Guid(1c942c5f13f7e484282794409171c3c5) Importer(815301076,1909f56bfc062723c751e8b465ee728b)  -> (artifact id: '61e56ee8f7ef87cf2b5ff2fb771209fc') in 0.014891 seconds 
========================================================================
Received Import Request.
  Time since last request: 0.000033 seconds.
  path: Assets/Assets/Image/Item/item_Used_Meat_Burnt.png
  artifactKey: Guid(f1b2e98c2ce6d8249ac3034f01405dcd) Importer(815301076,1909f56bfc062723c751e8b465ee728b)
Start importing Assets/Assets/Image/Item/item_Used_Meat_Burnt.png using Guid(f1b2e98c2ce6d8249ac3034f01405dcd) Importer(815301076,1909f56bfc062723c751e8b465ee728b)  -> (artifact id: '83ea446ef0d695e8cd51745d97c4c28a') in 0.016246 seconds 
========================================================================
Received Import Request.
  Time since last request: 0.000024 seconds.
  path: Assets/Assets/Image/Item/item_Used_Green_Potion.png
  artifactKey: Guid(df16479fb8f011d409c07d8b46c7cfb1) Importer(815301076,1909f56bfc062723c751e8b465ee728b)
Start importing Assets/Assets/Image/Item/item_Used_Green_Potion.png using Guid(df16479fb8f011d409c07d8b46c7cfb1) Importer(815301076,1909f56bfc062723c751e8b465ee728b)  -> (artifact id: 'e3d35608b0dd50ed4ac3fd87771d036c') in 0.014787 seconds 
========================================================================
Received Import Request.
  Time since last request: 0.000031 seconds.
  path: Assets/Assets/Image/Item/item_Used_Meat_Cooked.png
  artifactKey: Guid(d890c5e39a030a6478bad5a3d5804a7a) Importer(815301076,1909f56bfc062723c751e8b465ee728b)
Start importing Assets/Assets/Image/Item/item_Used_Meat_Cooked.png using Guid(d890c5e39a030a6478bad5a3d5804a7a) Importer(815301076,1909f56bfc062723c751e8b465ee728b)  -> (artifact id: 'cd154cda012934caaa9c9ad8f74d6704') in 0.011934 seconds 
========================================================================
Received Import Request.
  Time since last request: 0.000032 seconds.
  path: Assets/Assets/Image/Item/item_pickaxe.png
  artifactKey: Guid(134df8adf8dcbfc47bb75baae0cad5fb) Importer(815301076,1909f56bfc062723c751e8b465ee728b)
Start importing Assets/Assets/Image/Item/item_pickaxe.png using Guid(134df8adf8dcbfc47bb75baae0cad5fb) Importer(815301076,1909f56bfc062723c751e8b465ee728b)  -> (artifact id: 'dbaa86723564b6ecbca9fe6ea30d366f') in 0.012285 seconds 
========================================================================
Received Import Request.
  Time since last request: 1.763561 seconds.
  path: Assets/Assets/Image/UI/Archemy Table/Archemy_Base_Arrow.png
  artifactKey: Guid(1d91b10a50fc1e04e902a3fdc50233a4) Importer(815301076,1909f56bfc062723c751e8b465ee728b)
Start importing Assets/Assets/Image/UI/Archemy Table/Archemy_Base_Arrow.png using Guid(1d91b10a50fc1e04e902a3fdc50233a4) Importer(815301076,1909f56bfc062723c751e8b465ee728b)  -> (artifact id: 'f838d4d7eb4b0813061c12c09b75409d') in 0.009562 seconds 
========================================================================
Received Import Request.
  Time since last request: 2.872687 seconds.
  path: Assets/Assets/Image/UI/Craft_Manual/Craft_Manual_Base_Arrow.png
  artifactKey: Guid(4cace2e253dac8b4ebbb72f3c56f375e) Importer(815301076,1909f56bfc062723c751e8b465ee728b)
Start importing Assets/Assets/Image/UI/Craft_Manual/Craft_Manual_Base_Arrow.png using Guid(4cace2e253dac8b4ebbb72f3c56f375e) Importer(815301076,1909f56bfc062723c751e8b465ee728b)  -> (artifact id: '8b40e50783b1755518376daa3cc108a0') in 0.020168 seconds 
========================================================================
Received Import Request.
  Time since last request: 0.000024 seconds.
  path: Assets/Assets/Image/UI/Craft_Manual/Craft_Manul_BuildTab_Stair Pillar.png
  artifactKey: Guid(d39e410a116729741972a08b93de246c) Importer(815301076,1909f56bfc062723c751e8b465ee728b)
Start importing Assets/Assets/Image/UI/Craft_Manual/Craft_Manul_BuildTab_Stair Pillar.png using Guid(d39e410a116729741972a08b93de246c) Importer(815301076,1909f56bfc062723c751e8b465ee728b)  -> (artifact id: '8ac0808f2e6ba5b01242eef52075d226') in 0.011520 seconds 
========================================================================
Received Import Request.
  Time since last request: 0.000033 seconds.
  path: Assets/Assets/Image/UI/Craft_Manual/Craft_Manul_BuildTab_Stair.png
  artifactKey: Guid(90d26ffd8262a2842aa4d34e9bafdd8c) Importer(815301076,1909f56bfc062723c751e8b465ee728b)
Start importing Assets/Assets/Image/UI/Craft_Manual/Craft_Manul_BuildTab_Stair.png using Guid(90d26ffd8262a2842aa4d34e9bafdd8c) Importer(815301076,1909f56bfc062723c751e8b465ee728b)  -> (artifact id: 'c066455d711912437c643b9d469b784e') in 0.014461 seconds 
========================================================================
Received Import Request.
  Time since last request: 0.000020 seconds.
  path: Assets/Assets/Image/UI/Craft_Manual/Craft_Manul_BuildTab_Foundation.png
  artifactKey: Guid(b7d5f3c167f82e548af3a564dd900c2a) Importer(815301076,1909f56bfc062723c751e8b465ee728b)
Start importing Assets/Assets/Image/UI/Craft_Manual/Craft_Manul_BuildTab_Foundation.png using Guid(b7d5f3c167f82e548af3a564dd900c2a) Importer(815301076,1909f56bfc062723c751e8b465ee728b)  -> (artifact id: 'd1b133cbe6fad29df5cf7976494cea7b') in 0.012524 seconds 
========================================================================
Received Import Request.
  Time since last request: 2.661837 seconds.
  path: Assets/Assets/Image/UI/Inventory/Inventory_Base.png
  artifactKey: Guid(753b93e816b7a7b4eab91e32f16a3153) Importer(815301076,1909f56bfc062723c751e8b465ee728b)
Start importing Assets/Assets/Image/UI/Inventory/Inventory_Base.png using Guid(753b93e816b7a7b4eab91e32f16a3153) Importer(815301076,1909f56bfc062723c751e8b465ee728b)  -> (artifact id: '576c442c06b64aeb1388549a0a11dcf4') in 0.023142 seconds 
========================================================================
Received Import Request.
  Time since last request: 4.559810 seconds.
  path: Assets/Assets/Image/UI/Pose/Pose_Sit.png
  artifactKey: Guid(5425458c449adf64f894647eab496fec) Importer(815301076,1909f56bfc062723c751e8b465ee728b)
Start importing Assets/Assets/Image/UI/Pose/Pose_Sit.png using Guid(5425458c449adf64f894647eab496fec) Importer(815301076,1909f56bfc062723c751e8b465ee728b)  -> (artifact id: '2207b48c35af1a57072fe5a2af081a13') in 0.022872 seconds 
========================================================================
Received Import Request.
  Time since last request: 8.111537 seconds.
  path: Assets/Assets/Image/UI/Status/Status_Base_UI.png
  artifactKey: Guid(1eefdb36ec61eb54c9e04645ddc23315) Importer(815301076,1909f56bfc062723c751e8b465ee728b)
Start importing Assets/Assets/Image/UI/Status/Status_Base_UI.png using Guid(1eefdb36ec61eb54c9e04645ddc23315) Importer(815301076,1909f56bfc062723c751e8b465ee728b)  -> (artifact id: '57fe51c432bf1801f9355a0414408f8c') in 0.023509 seconds 
========================================================================
Received Import Request.
  Time since last request: 0.000016 seconds.
  path: Assets/Assets/Image/UI/Status/Status_Stamina.png
  artifactKey: Guid(b49189a3bbcae5543871d8fed97a0b40) Importer(815301076,1909f56bfc062723c751e8b465ee728b)
Start importing Assets/Assets/Image/UI/Status/Status_Stamina.png using Guid(b49189a3bbcae5543871d8fed97a0b40) Importer(815301076,1909f56bfc062723c751e8b465ee728b)  -> (artifact id: 'd682812d75f70119d0ad657d51f434bb') in 0.028469 seconds 
========================================================================
Received Import Request.
  Time since last request: 0.000034 seconds.
  path: Assets/Assets/Image/UI/Status/Status_HP.png
  artifactKey: Guid(79640bc79f9d96a4f993528fadce45b1) Importer(815301076,1909f56bfc062723c751e8b465ee728b)
Start importing Assets/Assets/Image/UI/Status/Status_HP.png using Guid(79640bc79f9d96a4f993528fadce45b1) Importer(815301076,1909f56bfc062723c751e8b465ee728b)  -> (artifact id: 'a8b187356ad2d9cc1960f0098b84198c') in 0.036853 seconds 
========================================================================
Received Import Request.
  Time since last request: 9.846377 seconds.
  path: Assets/Assets/SkyBox/Skybox Cubemap Extended.mat
  artifactKey: Guid(ba83b73c041db494b8aa151eda6ccd8f) Importer(815301076,1909f56bfc062723c751e8b465ee728b)
Start importing Assets/Assets/SkyBox/Skybox Cubemap Extended.mat using Guid(ba83b73c041db494b8aa151eda6ccd8f) Importer(815301076,1909f56bfc062723c751e8b465ee728b)  -> (artifact id: 'd932bba8052a98e6b30eb9c356f27c78') in 0.030816 seconds 
========================================================================
Received Import Request.
  Time since last request: 3.937894 seconds.
  path: Assets/Assets/Water Shader/Water Bump.jpg
  artifactKey: Guid(de9b273dc815f8d4e8ecbff410ac2c0c) Importer(815301076,1909f56bfc062723c751e8b465ee728b)
Start importing Assets/Assets/Water Shader/Water Bump.jpg using Guid(de9b273dc815f8d4e8ecbff410ac2c0c) Importer(815301076,1909f56bfc062723c751e8b465ee728b)  -> (artifact id: 'f5f39e8c214402e704eb35d69b5cfe96') in 0.013103 seconds 
========================================================================
Received Import Request.
  Time since last request: 3.224714 seconds.
  path: Assets/Tree_Textures/diffuse.png
  artifactKey: Guid(1fb33f4c92b0bea4d91c6454d5b679c9) Importer(815301076,1909f56bfc062723c751e8b465ee728b)
Start importing Assets/Tree_Textures/diffuse.png using Guid(1fb33f4c92b0bea4d91c6454d5b679c9) Importer(815301076,1909f56bfc062723c751e8b465ee728b)  -> (artifact id: '7f0f5ae5291739c74864a2d383bd9ca2') in 0.015345 seconds 
========================================================================
Received Import Request.
  Time since last request: 849.192427 seconds.
  path: Assets/Assets/Scripts/PlayerController.cs
  artifactKey: Guid(9057e8e2e72ad6a47b3a0f8890352ba8) Importer(815301076,1909f56bfc062723c751e8b465ee728b)
Start importing Assets/Assets/Scripts/PlayerController.cs using Guid(9057e8e2e72ad6a47b3a0f8890352ba8) Importer(815301076,1909f56bfc062723c751e8b465ee728b)  -> (artifact id: '9f6c601cff6d63d660bbbf1d83991fbf') in 0.010734 seconds 
========================================================================
Received Import Request.
  Time since last request: 2.447161 seconds.
  path: Packages/com.unity.editorcoroutines/package.json
  artifactKey: Guid(6428ca6f30e71ee4dbea7e1d0787cb07) Importer(815301076,1909f56bfc062723c751e8b465ee728b)
Start importing Packages/com.unity.editorcoroutines/package.json using Guid(6428ca6f30e71ee4dbea7e1d0787cb07) Importer(815301076,1909f56bfc062723c751e8b465ee728b)  -> (artifact id: 'f09ec15c09bb4767b92c14d9ec7e7dbb') in 0.014892 seconds 
========================================================================
Received Import Request.
  Time since last request: 0.738771 seconds.
  path: Packages/com.unity.performance.profile-analyzer/package.json
  artifactKey: Guid(478e38cbe30254f8c868840b4e2f32e1) Importer(815301076,1909f56bfc062723c751e8b465ee728b)
Start importing Packages/com.unity.performance.profile-analyzer/package.json using Guid(478e38cbe30254f8c868840b4e2f32e1) Importer(815301076,1909f56bfc062723c751e8b465ee728b)  -> (artifact id: '7704c67f382ec1bdbfc9ae25517022ba') in 0.010691 seconds 
========================================================================
Received Import Request.
  Time since last request: 0.639953 seconds.
  path: Packages/com.unity.test-framework/package.json
  artifactKey: Guid(d6a2e6e4803de7b43baacdc355fc144d) Importer(815301076,1909f56bfc062723c751e8b465ee728b)
Start importing Packages/com.unity.test-framework/package.json using Guid(d6a2e6e4803de7b43baacdc355fc144d) Importer(815301076,1909f56bfc062723c751e8b465ee728b)  -> (artifact id: 'e18898ccc8b096ee8f2e6704cc6568de') in 0.006037 seconds 
========================================================================
Received Import Request.
  Time since last request: 0.525684 seconds.
  path: Packages/com.unity.textmeshpro/package.json
  artifactKey: Guid(220e9325710f4235a43492dd1ee4980d) Importer(815301076,1909f56bfc062723c751e8b465ee728b)
Start importing Packages/com.unity.textmeshpro/package.json using Guid(220e9325710f4235a43492dd1ee4980d) Importer(815301076,1909f56bfc062723c751e8b465ee728b)  -> (artifact id: '7f445814511be1caffb984507b3a4793') in 0.006240 seconds 
========================================================================
Received Import Request.
  Time since last request: 1.542525 seconds.
  path: Packages/com.unity.visualscripting/package.json
  artifactKey: Guid(545a9d2bc7370224f8d14c22f2f580e0) Importer(815301076,1909f56bfc062723c751e8b465ee728b)
Start importing Packages/com.unity.visualscripting/package.json using Guid(545a9d2bc7370224f8d14c22f2f580e0) Importer(815301076,1909f56bfc062723c751e8b465ee728b)  -> (artifact id: '802ca2141556239ed6a1d27f6470288f') in 0.014559 seconds 
========================================================================
Received Import Request.
  Time since last request: 1.145951 seconds.
  path: Packages/com.unity.testtools.codecoverage/package.json
  artifactKey: Guid(ba7d60725b0ec604698819352642be89) Importer(815301076,1909f56bfc062723c751e8b465ee728b)
Start importing Packages/com.unity.testtools.codecoverage/package.json using Guid(ba7d60725b0ec604698819352642be89) Importer(815301076,1909f56bfc062723c751e8b465ee728b)  -> (artifact id: 'b4ede392239df6bf770ed0fb43b79895') in 0.004239 seconds 
========================================================================
Received Import Request.
  Time since last request: 69.758043 seconds.
  path: Assets/Tree.prefab
  artifactKey: Guid(fc03d60ead2a29f46bc62b532d4a0d04) Importer(815301076,1909f56bfc062723c751e8b465ee728b)
Start importing Assets/Tree.prefab using Guid(fc03d60ead2a29f46bc62b532d4a0d04) Importer(815301076,1909f56bfc062723c751e8b465ee728b)  -> (artifact id: '563ae07c7fbbc9cd7f715e60e258bf08') in 0.070409 seconds 
========================================================================
Received Import Request.
  Time since last request: 69.676157 seconds.
  path: Assets/New Terrain.asset
  artifactKey: Guid(75bca0f320e2e874b8347d514e3fea22) Importer(815301076,1909f56bfc062723c751e8b465ee728b)
Start importing Assets/New Terrain.asset using Guid(75bca0f320e2e874b8347d514e3fea22) Importer(815301076,1909f56bfc062723c751e8b465ee728b)  -> (artifact id: '34d6432d935e29e9a21bccdfcd3fc3d1') in 0.024633 seconds 
========================================================================
Received Import Request.
  Time since last request: 132.217259 seconds.
  path: Assets/Assets/3D Model/NewLayer.terrainlayer
  artifactKey: Guid(1fff566929ad4b14aa6c5143e160f78d) Importer(815301076,1909f56bfc062723c751e8b465ee728b)
Start importing Assets/Assets/3D Model/NewLayer.terrainlayer using Guid(1fff566929ad4b14aa6c5143e160f78d) Importer(815301076,1909f56bfc062723c751e8b465ee728b)  -> (artifact id: 'ac4baedc82fd40c2fe0a5e9d1f298333') in 0.023706 seconds 
========================================================================
Received Import Request.
  Time since last request: 21.987382 seconds.
  path: Assets/Assets/Materials/Leaf.mat
  artifactKey: Guid(7bb55cfce3c65b64dbdff8319786903d) Importer(815301076,1909f56bfc062723c751e8b465ee728b)
Start importing Assets/Assets/Materials/Leaf.mat using Guid(7bb55cfce3c65b64dbdff8319786903d) Importer(815301076,1909f56bfc062723c751e8b465ee728b)  -> (artifact id: '26f47a1cc01185304f37138a821b9ed1') in 0.017546 seconds 
========================================================================
Received Import Request.
  Time since last request: 1.927901 seconds.
  path: Assets/Assets/Particle System/Flame
  artifactKey: Guid(e7e5c153e2d971a46a2689f49444b266) Importer(815301076,1909f56bfc062723c751e8b465ee728b)
Start importing Assets/Assets/Particle System/Flame using Guid(e7e5c153e2d971a46a2689f49444b266) Importer(815301076,1909f56bfc062723c751e8b465ee728b)  -> (artifact id: 'ed54d40099da917b2da5606509699d58') in 0.004365 seconds 
========================================================================
Received Import Request.
  Time since last request: 2.196553 seconds.
  path: Assets/Assets/Prefab/Tree.prefab
  artifactKey: Guid(092e520427a348b4daf89df386b34fac) Importer(815301076,1909f56bfc062723c751e8b465ee728b)
Start importing Assets/Assets/Prefab/Tree.prefab using Guid(092e520427a348b4daf89df386b34fac) Importer(815301076,1909f56bfc062723c751e8b465ee728b)  -> (artifact id: '8037768dc9840aee3d5fc4cc168d36f2') in 0.015804 seconds 
========================================================================
Received Import Request.
  Time since last request: 4.744876 seconds.
  path: Assets/Assets/Textures/NewLayer 1.terrainlayer
  artifactKey: Guid(99b9ece71cff43845bd5e59ad922bbf4) Importer(815301076,1909f56bfc062723c751e8b465ee728b)
Start importing Assets/Assets/Textures/NewLayer 1.terrainlayer using Guid(99b9ece71cff43845bd5e59ad922bbf4) Importer(815301076,1909f56bfc062723c751e8b465ee728b)  -> (artifact id: 'b6a7e6b5deb5286c5d47ced59ffe2507') in 0.014531 seconds 
========================================================================
Received Import Request.
  Time since last request: 1261.548037 seconds.
  path: Assets/New Terrain 1.asset
  artifactKey: Guid(1d9c363ffb500484093480aa13135ff2) Importer(815301076,1909f56bfc062723c751e8b465ee728b)
Start importing Assets/New Terrain 1.asset using Guid(1d9c363ffb500484093480aa13135ff2) Importer(815301076,1909f56bfc062723c751e8b465ee728b)  -> (artifact id: 'a69c171e0c9f3492ba4f30ec21b2af0d') in 0.010110 seconds 
========================================================================
Received Import Request.
  Time since last request: 219.174346 seconds.
  path: Assets/Assets/Prefab/Tree 1.prefab
  artifactKey: Guid(b9300183aea87134aa42f99f1953285a) Importer(815301076,1909f56bfc062723c751e8b465ee728b)
Start importing Assets/Assets/Prefab/Tree 1.prefab using Guid(b9300183aea87134aa42f99f1953285a) Importer(815301076,1909f56bfc062723c751e8b465ee728b)  -> (artifact id: 'b48621d059f01770b7438fef0b5681ea') in 0.018118 seconds 
========================================================================
Received Import Request.
  Time since last request: 11.232264 seconds.
  path: Assets/Assets/Prefab/Tree 2.prefab
  artifactKey: Guid(75d8ce80eadc17641aac413733b5e4e0) Importer(815301076,1909f56bfc062723c751e8b465ee728b)
Start importing Assets/Assets/Prefab/Tree 2.prefab using Guid(75d8ce80eadc17641aac413733b5e4e0) Importer(815301076,1909f56bfc062723c751e8b465ee728b)  -> (artifact id: '0777c9ddd1ea9ad8a1031dceeb14feaf') in 0.018477 seconds 
========================================================================
Received Import Request.
  Time since last request: 16.382842 seconds.
  path: Assets/Assets/Prefab/Tree.prefab
  artifactKey: Guid(092e520427a348b4daf89df386b34fac) Importer(815301076,1909f56bfc062723c751e8b465ee728b)
Start importing Assets/Assets/Prefab/Tree.prefab using Guid(092e520427a348b4daf89df386b34fac) Importer(815301076,1909f56bfc062723c751e8b465ee728b)  -> (artifact id: '5cf008e5a8cb01e71591bde816e556aa') in 0.012931 seconds 
========================================================================
Received Import Request.
  Time since last request: 255.200502 seconds.
  path: Assets/Assets/Textures/NewLayer 2.terrainlayer
  artifactKey: Guid(3050140c360e65a47869c9aa60c79cbb) Importer(815301076,1909f56bfc062723c751e8b465ee728b)
Start importing Assets/Assets/Textures/NewLayer 2.terrainlayer using Guid(3050140c360e65a47869c9aa60c79cbb) Importer(815301076,1909f56bfc062723c751e8b465ee728b)  -> (artifact id: '4aea10b8c99c354b336fa4b4a4fb9ef0') in 0.017514 seconds 
========================================================================
Received Import Request.
  Time since last request: 0.004678 seconds.
  path: Assets/Assets/Prefab/Tree.prefab
  artifactKey: Guid(092e520427a348b4daf89df386b34fac) Importer(815301076,1909f56bfc062723c751e8b465ee728b)
Start importing Assets/Assets/Prefab/Tree.prefab using Guid(092e520427a348b4daf89df386b34fac) Importer(815301076,1909f56bfc062723c751e8b465ee728b)  -> (artifact id: 'bcf606aa5b474f57d183419a29478168') in 0.016736 seconds 
========================================================================
Received Prepare
Registering precompiled user dll's ...
Registered in 0.007847 seconds.
Begin MonoManager ReloadAssembly
Symbol file LoadedFromMemory doesn't match image C:\Users\seongjae\3D_SurvivorGame\Library\PackageCache\com.unity.visualscripting@1.8.0\Editor\VisualScripting.Core\Dependencies\YamlDotNet\Unity.VisualScripting.YamlDotNet.dll
Symbol file LoadedFromMemory doesn't match image C:\Users\seongjae\3D_SurvivorGame\Library\PackageCache\com.unity.visualscripting@1.8.0\Editor\VisualScripting.Core\Dependencies\DotNetZip\Unity.VisualScripting.IonicZip.dll
Native extension for WindowsStandalone target not found
Refreshing native plugins compatible for Editor in 1.47 ms, found 3 plugins.
Preloading 0 native plugins for Editor in 0.00 ms.
Mono: successfully reloaded assembly
- Completed reload, in  4.402 seconds
Domain Reload Profiling:
	ReloadAssembly (4406ms)
		BeginReloadAssembly (1058ms)
			ExecutionOrderSort (0ms)
			DisableScriptedObjects (37ms)
			BackupInstance (0ms)
			ReleaseScriptingObjects (0ms)
			CreateAndSetChildDomain (409ms)
		EndReloadAssembly (2861ms)
			LoadAssemblies (499ms)
			RebuildTransferFunctionScriptingTraits (1ms)
			SetupTypeCache (1013ms)
			ReleaseScriptCaches (2ms)
			RebuildScriptCaches (94ms)
			SetupLoadedEditorAssemblies (1275ms)
				LogAssemblyErrors (0ms)
				InitializePlatformSupportModulesInManaged (27ms)
				SetLoadedEditorAssemblies (3ms)
				RefreshPlugins (2ms)
				BeforeProcessingInitializeOnLoad (265ms)
				ProcessInitializeOnLoadAttributes (838ms)
				ProcessInitializeOnLoadMethodAttributes (83ms)
				AfterProcessingInitializeOnLoad (57ms)
				EditorAssembliesLoaded (1ms)
			ExecutionOrderSort2 (0ms)
			AwakeInstancesAfterBackupRestoration (51ms)
Platform modules already initialized, skipping
Refreshing native plugins compatible for Editor in 7.42 ms, found 3 plugins.
Preloading 0 native plugins for Editor in 0.00 ms.
Unloading 3043 Unused Serialized files (Serialized files now loaded: 0)
Unloading 17 unused Assets / (80.2 KB). Loaded Objects now: 3591.
Memory consumption went from 125.4 MB to 125.4 MB.
Total: 13.636100 ms (FindLiveObjects: 0.630100 ms CreateObjectMapping: 0.348900 ms MarkObjects: 12.366400 ms  DeleteObjects: 0.286500 ms)

AssetImportParameters requested are different than current active one (requested -> active):
  custom:video-decoder-ogg-theora: a1e56fd34408186e4bbccfd4996cb3dc -> 
  custom:container-muxer-webm: aa71ff27fc2769a1b78a27578f13a17b -> 
  custom:container-demuxer-webm: 4f35f7cbe854078d1ac9338744f61a02 -> 
  custom:video-encoder-webm-vp8: eb34c28f22e8b96e1ab97ce403110664 -> 
  custom:audio-encoder-webm-vorbis: bf7c407c2cedff20999df2af8eb42d56 -> 
  custom:framework-win-MediaFoundation: 216162199b28c13a410421893ffa2e32 -> 
  custom:container-demuxer-ogg: 62fdf1f143b41e24485cea50d1cbac27 -> 
  custom:video-decoder-webm-vp8: 9c59270c3fd7afecdb556c50c9e8de78 -> 
  custom:audio-decoder-ogg-vorbis: bf7c407c2cedff20999df2af8eb42d56 -> 
========================================================================
Received Prepare
Registering precompiled user dll's ...
Registered in 0.009141 seconds.
Begin MonoManager ReloadAssembly
Symbol file LoadedFromMemory doesn't match image C:\Users\seongjae\3D_SurvivorGame\Library\PackageCache\com.unity.visualscripting@1.8.0\Editor\VisualScripting.Core\Dependencies\YamlDotNet\Unity.VisualScripting.YamlDotNet.dll
Symbol file LoadedFromMemory doesn't match image C:\Users\seongjae\3D_SurvivorGame\Library\PackageCache\com.unity.visualscripting@1.8.0\Editor\VisualScripting.Core\Dependencies\DotNetZip\Unity.VisualScripting.IonicZip.dll
Native extension for WindowsStandalone target not found
Refreshing native plugins compatible for Editor in 1.43 ms, found 3 plugins.
Preloading 0 native plugins for Editor in 0.00 ms.
Mono: successfully reloaded assembly
- Completed reload, in  3.475 seconds
Domain Reload Profiling:
	ReloadAssembly (3477ms)
		BeginReloadAssembly (423ms)
			ExecutionOrderSort (0ms)
			DisableScriptedObjects (13ms)
			BackupInstance (0ms)
			ReleaseScriptingObjects (0ms)
			CreateAndSetChildDomain (66ms)
		EndReloadAssembly (2689ms)
			LoadAssemblies (338ms)
			RebuildTransferFunctionScriptingTraits (0ms)
			SetupTypeCache (724ms)
			ReleaseScriptCaches (4ms)
			RebuildScriptCaches (165ms)
			SetupLoadedEditorAssemblies (1292ms)
				LogAssemblyErrors (0ms)
				InitializePlatformSupportModulesInManaged (33ms)
				SetLoadedEditorAssemblies (2ms)
				RefreshPlugins (2ms)
				BeforeProcessingInitializeOnLoad (289ms)
				ProcessInitializeOnLoadAttributes (837ms)
				ProcessInitializeOnLoadMethodAttributes (74ms)
				AfterProcessingInitializeOnLoad (54ms)
				EditorAssembliesLoaded (1ms)
			ExecutionOrderSort2 (0ms)
			AwakeInstancesAfterBackupRestoration (47ms)
Platform modules already initialized, skipping
Refreshing native plugins compatible for Editor in 7.29 ms, found 3 plugins.
Preloading 0 native plugins for Editor in 0.00 ms.
Unloading 3043 Unused Serialized files (Serialized files now loaded: 0)
Unloading 17 unused Assets / (80.2 KB). Loaded Objects now: 3594.
Memory consumption went from 125.5 MB to 125.4 MB.
Total: 8.738200 ms (FindLiveObjects: 0.557400 ms CreateObjectMapping: 0.226300 ms MarkObjects: 7.626200 ms  DeleteObjects: 0.325100 ms)

AssetImportParameters requested are different than current active one (requested -> active):
  custom:video-decoder-ogg-theora: a1e56fd34408186e4bbccfd4996cb3dc -> 
  custom:container-muxer-webm: aa71ff27fc2769a1b78a27578f13a17b -> 
  custom:container-demuxer-webm: 4f35f7cbe854078d1ac9338744f61a02 -> 
  custom:video-encoder-webm-vp8: eb34c28f22e8b96e1ab97ce403110664 -> 
  custom:audio-encoder-webm-vorbis: bf7c407c2cedff20999df2af8eb42d56 -> 
  custom:framework-win-MediaFoundation: 216162199b28c13a410421893ffa2e32 -> 
  custom:container-demuxer-ogg: 62fdf1f143b41e24485cea50d1cbac27 -> 
  custom:video-decoder-webm-vp8: 9c59270c3fd7afecdb556c50c9e8de78 -> 
  custom:audio-decoder-ogg-vorbis: bf7c407c2cedff20999df2af8eb42d56 -> 
========================================================================
Received Prepare
Registering precompiled user dll's ...
Registered in 0.011050 seconds.
Begin MonoManager ReloadAssembly
Symbol file LoadedFromMemory doesn't match image C:\Users\seongjae\3D_SurvivorGame\Library\PackageCache\com.unity.visualscripting@1.8.0\Editor\VisualScripting.Core\Dependencies\YamlDotNet\Unity.VisualScripting.YamlDotNet.dll
Symbol file LoadedFromMemory doesn't match image C:\Users\seongjae\3D_SurvivorGame\Library\PackageCache\com.unity.visualscripting@1.8.0\Editor\VisualScripting.Core\Dependencies\DotNetZip\Unity.VisualScripting.IonicZip.dll
Native extension for WindowsStandalone target not found
Refreshing native plugins compatible for Editor in 1.51 ms, found 3 plugins.
Preloading 0 native plugins for Editor in 0.00 ms.
Mono: successfully reloaded assembly
- Completed reload, in  3.186 seconds
Domain Reload Profiling:
	ReloadAssembly (3188ms)
		BeginReloadAssembly (438ms)
			ExecutionOrderSort (0ms)
			DisableScriptedObjects (13ms)
			BackupInstance (0ms)
			ReleaseScriptingObjects (0ms)
			CreateAndSetChildDomain (95ms)
		EndReloadAssembly (2528ms)
			LoadAssemblies (303ms)
			RebuildTransferFunctionScriptingTraits (0ms)
			SetupTypeCache (706ms)
			ReleaseScriptCaches (3ms)
			RebuildScriptCaches (104ms)
			SetupLoadedEditorAssemblies (1267ms)
				LogAssemblyErrors (0ms)
				InitializePlatformSupportModulesInManaged (26ms)
				SetLoadedEditorAssemblies (2ms)
				RefreshPlugins (2ms)
				BeforeProcessingInitializeOnLoad (276ms)
				ProcessInitializeOnLoadAttributes (829ms)
				ProcessInitializeOnLoadMethodAttributes (82ms)
				AfterProcessingInitializeOnLoad (50ms)
				EditorAssembliesLoaded (1ms)
			ExecutionOrderSort2 (0ms)
			AwakeInstancesAfterBackupRestoration (35ms)
Platform modules already initialized, skipping
Refreshing native plugins compatible for Editor in 7.70 ms, found 3 plugins.
Preloading 0 native plugins for Editor in 0.00 ms.
Unloading 3043 Unused Serialized files (Serialized files now loaded: 0)
Unloading 17 unused Assets / (80.2 KB). Loaded Objects now: 3597.
Memory consumption went from 125.5 MB to 125.4 MB.
Total: 8.747200 ms (FindLiveObjects: 0.430900 ms CreateObjectMapping: 0.202900 ms MarkObjects: 7.866700 ms  DeleteObjects: 0.242600 ms)

AssetImportParameters requested are different than current active one (requested -> active):
  custom:video-decoder-ogg-theora: a1e56fd34408186e4bbccfd4996cb3dc -> 
  custom:container-muxer-webm: aa71ff27fc2769a1b78a27578f13a17b -> 
  custom:container-demuxer-webm: 4f35f7cbe854078d1ac9338744f61a02 -> 
  custom:video-encoder-webm-vp8: eb34c28f22e8b96e1ab97ce403110664 -> 
  custom:audio-encoder-webm-vorbis: bf7c407c2cedff20999df2af8eb42d56 -> 
  custom:framework-win-MediaFoundation: 216162199b28c13a410421893ffa2e32 -> 
  custom:container-demuxer-ogg: 62fdf1f143b41e24485cea50d1cbac27 -> 
  custom:video-decoder-webm-vp8: 9c59270c3fd7afecdb556c50c9e8de78 -> 
  custom:audio-decoder-ogg-vorbis: bf7c407c2cedff20999df2af8eb42d56 -> 
========================================================================
Received Prepare
Registering precompiled user dll's ...
Registered in 0.011043 seconds.
Begin MonoManager ReloadAssembly
Symbol file LoadedFromMemory doesn't match image C:\Users\seongjae\3D_SurvivorGame\Library\PackageCache\com.unity.visualscripting@1.8.0\Editor\VisualScripting.Core\Dependencies\YamlDotNet\Unity.VisualScripting.YamlDotNet.dll
Symbol file LoadedFromMemory doesn't match image C:\Users\seongjae\3D_SurvivorGame\Library\PackageCache\com.unity.visualscripting@1.8.0\Editor\VisualScripting.Core\Dependencies\DotNetZip\Unity.VisualScripting.IonicZip.dll
Native extension for WindowsStandalone target not found
Refreshing native plugins compatible for Editor in 1.64 ms, found 3 plugins.
Preloading 0 native plugins for Editor in 0.00 ms.
Mono: successfully reloaded assembly
- Completed reload, in  3.286 seconds
Domain Reload Profiling:
	ReloadAssembly (3289ms)
		BeginReloadAssembly (492ms)
			ExecutionOrderSort (0ms)
			DisableScriptedObjects (25ms)
			BackupInstance (0ms)
			ReleaseScriptingObjects (0ms)
			CreateAndSetChildDomain (95ms)
		EndReloadAssembly (2513ms)
			LoadAssemblies (334ms)
			RebuildTransferFunctionScriptingTraits (0ms)
			SetupTypeCache (697ms)
			ReleaseScriptCaches (3ms)
			RebuildScriptCaches (141ms)
			SetupLoadedEditorAssemblies (1199ms)
				LogAssemblyErrors (0ms)
				InitializePlatformSupportModulesInManaged (30ms)
				SetLoadedEditorAssemblies (2ms)
				RefreshPlugins (2ms)
				BeforeProcessingInitializeOnLoad (282ms)
				ProcessInitializeOnLoadAttributes (750ms)
				ProcessInitializeOnLoadMethodAttributes (79ms)
				AfterProcessingInitializeOnLoad (54ms)
				EditorAssembliesLoaded (1ms)
			ExecutionOrderSort2 (0ms)
			AwakeInstancesAfterBackupRestoration (43ms)
Platform modules already initialized, skipping
Refreshing native plugins compatible for Editor in 8.42 ms, found 3 plugins.
Preloading 0 native plugins for Editor in 0.00 ms.
Unloading 3043 Unused Serialized files (Serialized files now loaded: 0)
Unloading 17 unused Assets / (80.1 KB). Loaded Objects now: 3600.
Memory consumption went from 125.5 MB to 125.4 MB.
Total: 10.616000 ms (FindLiveObjects: 0.607200 ms CreateObjectMapping: 0.596400 ms MarkObjects: 9.122300 ms  DeleteObjects: 0.286200 ms)

AssetImportParameters requested are different than current active one (requested -> active):
  custom:video-decoder-ogg-theora: a1e56fd34408186e4bbccfd4996cb3dc -> 
  custom:container-muxer-webm: aa71ff27fc2769a1b78a27578f13a17b -> 
  custom:container-demuxer-webm: 4f35f7cbe854078d1ac9338744f61a02 -> 
  custom:video-encoder-webm-vp8: eb34c28f22e8b96e1ab97ce403110664 -> 
  custom:audio-encoder-webm-vorbis: bf7c407c2cedff20999df2af8eb42d56 -> 
  custom:framework-win-MediaFoundation: 216162199b28c13a410421893ffa2e32 -> 
  custom:container-demuxer-ogg: 62fdf1f143b41e24485cea50d1cbac27 -> 
  custom:video-decoder-webm-vp8: 9c59270c3fd7afecdb556c50c9e8de78 -> 
  custom:audio-decoder-ogg-vorbis: bf7c407c2cedff20999df2af8eb42d56 -> 
========================================================================
Received Prepare
Registering precompiled user dll's ...
Registered in 0.009062 seconds.
Begin MonoManager ReloadAssembly
Symbol file LoadedFromMemory doesn't match image C:\Users\seongjae\3D_SurvivorGame\Library\PackageCache\com.unity.visualscripting@1.8.0\Editor\VisualScripting.Core\Dependencies\YamlDotNet\Unity.VisualScripting.YamlDotNet.dll
Symbol file LoadedFromMemory doesn't match image C:\Users\seongjae\3D_SurvivorGame\Library\PackageCache\com.unity.visualscripting@1.8.0\Editor\VisualScripting.Core\Dependencies\DotNetZip\Unity.VisualScripting.IonicZip.dll
Native extension for WindowsStandalone target not found
Refreshing native plugins compatible for Editor in 1.88 ms, found 3 plugins.
Preloading 0 native plugins for Editor in 0.00 ms.
Mono: successfully reloaded assembly
- Completed reload, in  5.385 seconds
Domain Reload Profiling:
	ReloadAssembly (5387ms)
		BeginReloadAssembly (371ms)
			ExecutionOrderSort (0ms)
			DisableScriptedObjects (12ms)
			BackupInstance (0ms)
			ReleaseScriptingObjects (0ms)
			CreateAndSetChildDomain (78ms)
		EndReloadAssembly (4690ms)
			LoadAssemblies (287ms)
			RebuildTransferFunctionScriptingTraits (0ms)
			SetupTypeCache (837ms)
			ReleaseScriptCaches (4ms)
			RebuildScriptCaches (180ms)
			SetupLoadedEditorAssemblies (3089ms)
				LogAssemblyErrors (0ms)
				InitializePlatformSupportModulesInManaged (33ms)
				SetLoadedEditorAssemblies (2ms)
				RefreshPlugins (2ms)
				BeforeProcessingInitializeOnLoad (304ms)
				ProcessInitializeOnLoadAttributes (2146ms)
				ProcessInitializeOnLoadMethodAttributes (268ms)
				AfterProcessingInitializeOnLoad (331ms)
				EditorAssembliesLoaded (1ms)
			ExecutionOrderSort2 (0ms)
			AwakeInstancesAfterBackupRestoration (51ms)
Platform modules already initialized, skipping
Refreshing native plugins compatible for Editor in 8.75 ms, found 3 plugins.
Preloading 0 native plugins for Editor in 0.00 ms.
Unloading 3043 Unused Serialized files (Serialized files now loaded: 0)
Unloading 17 unused Assets / (80.1 KB). Loaded Objects now: 3603.
Memory consumption went from 125.5 MB to 125.4 MB.
Total: 13.290800 ms (FindLiveObjects: 0.716000 ms CreateObjectMapping: 0.975500 ms MarkObjects: 11.267600 ms  DeleteObjects: 0.327700 ms)

AssetImportParameters requested are different than current active one (requested -> active):
  custom:video-decoder-ogg-theora: a1e56fd34408186e4bbccfd4996cb3dc -> 
  custom:container-muxer-webm: aa71ff27fc2769a1b78a27578f13a17b -> 
  custom:container-demuxer-webm: 4f35f7cbe854078d1ac9338744f61a02 -> 
  custom:video-encoder-webm-vp8: eb34c28f22e8b96e1ab97ce403110664 -> 
  custom:audio-encoder-webm-vorbis: bf7c407c2cedff20999df2af8eb42d56 -> 
  custom:framework-win-MediaFoundation: 216162199b28c13a410421893ffa2e32 -> 
  custom:container-demuxer-ogg: 62fdf1f143b41e24485cea50d1cbac27 -> 
  custom:video-decoder-webm-vp8: 9c59270c3fd7afecdb556c50c9e8de78 -> 
  custom:audio-decoder-ogg-vorbis: bf7c407c2cedff20999df2af8eb42d56 -> 
========================================================================
Received Prepare
Registering precompiled user dll's ...
Registered in 0.005189 seconds.
Begin MonoManager ReloadAssembly
Symbol file LoadedFromMemory doesn't match image C:\Users\seongjae\3D_SurvivorGame\Library\PackageCache\com.unity.visualscripting@1.8.0\Editor\VisualScripting.Core\Dependencies\YamlDotNet\Unity.VisualScripting.YamlDotNet.dll
Symbol file LoadedFromMemory doesn't match image C:\Users\seongjae\3D_SurvivorGame\Library\PackageCache\com.unity.visualscripting@1.8.0\Editor\VisualScripting.Core\Dependencies\DotNetZip\Unity.VisualScripting.IonicZip.dll
Native extension for WindowsStandalone target not found
Refreshing native plugins compatible for Editor in 0.73 ms, found 3 plugins.
Preloading 0 native plugins for Editor in 0.00 ms.
Mono: successfully reloaded assembly
- Completed reload, in  0.956 seconds
Domain Reload Profiling:
	ReloadAssembly (957ms)
		BeginReloadAssembly (138ms)
			ExecutionOrderSort (0ms)
			DisableScriptedObjects (5ms)
			BackupInstance (0ms)
			ReleaseScriptingObjects (0ms)
			CreateAndSetChildDomain (30ms)
		EndReloadAssembly (732ms)
			LoadAssemblies (92ms)
			RebuildTransferFunctionScriptingTraits (0ms)
			SetupTypeCache (294ms)
			ReleaseScriptCaches (2ms)
			RebuildScriptCaches (41ms)
			SetupLoadedEditorAssemblies (274ms)
				LogAssemblyErrors (0ms)
				InitializePlatformSupportModulesInManaged (6ms)
				SetLoadedEditorAssemblies (0ms)
				RefreshPlugins (1ms)
				BeforeProcessingInitializeOnLoad (57ms)
				ProcessInitializeOnLoadAttributes (180ms)
				ProcessInitializeOnLoadMethodAttributes (19ms)
				AfterProcessingInitializeOnLoad (10ms)
				EditorAssembliesLoaded (0ms)
			ExecutionOrderSort2 (0ms)
			AwakeInstancesAfterBackupRestoration (9ms)
Platform modules already initialized, skipping
Refreshing native plugins compatible for Editor in 3.24 ms, found 3 plugins.
Preloading 0 native plugins for Editor in 0.00 ms.
Unloading 3043 Unused Serialized files (Serialized files now loaded: 0)
Unloading 17 unused Assets / (80.4 KB). Loaded Objects now: 3606.
Memory consumption went from 125.5 MB to 125.4 MB.
Total: 5.111800 ms (FindLiveObjects: 0.961500 ms CreateObjectMapping: 0.236300 ms MarkObjects: 3.760000 ms  DeleteObjects: 0.149300 ms)

AssetImportParameters requested are different than current active one (requested -> active):
  custom:video-decoder-ogg-theora: a1e56fd34408186e4bbccfd4996cb3dc -> 
  custom:container-muxer-webm: aa71ff27fc2769a1b78a27578f13a17b -> 
  custom:container-demuxer-webm: 4f35f7cbe854078d1ac9338744f61a02 -> 
  custom:video-encoder-webm-vp8: eb34c28f22e8b96e1ab97ce403110664 -> 
  custom:audio-encoder-webm-vorbis: bf7c407c2cedff20999df2af8eb42d56 -> 
  custom:framework-win-MediaFoundation: 216162199b28c13a410421893ffa2e32 -> 
  custom:container-demuxer-ogg: 62fdf1f143b41e24485cea50d1cbac27 -> 
  custom:video-decoder-webm-vp8: 9c59270c3fd7afecdb556c50c9e8de78 -> 
  custom:audio-decoder-ogg-vorbis: bf7c407c2cedff20999df2af8eb42d56 -> 
========================================================================
Received Import Request.
  Time since last request: 2040.338561 seconds.
  path: Assets/Assets/Prefab/normal_tree.prefab
  artifactKey: Guid(418f144343eaa0643a035aba9774644b) Importer(815301076,1909f56bfc062723c751e8b465ee728b)
Start importing Assets/Assets/Prefab/normal_tree.prefab using Guid(418f144343eaa0643a035aba9774644b) Importer(815301076,1909f56bfc062723c751e8b465ee728b)  -> (artifact id: '563cab99e7d2a44f74be693a80b347e5') in 0.098200 seconds 
========================================================================
Received Import Request.
  Time since last request: 74.768413 seconds.
  path: Assets/Assets/Prefab/normal_tree.prefab
  artifactKey: Guid(418f144343eaa0643a035aba9774644b) Importer(815301076,1909f56bfc062723c751e8b465ee728b)
Start importing Assets/Assets/Prefab/normal_tree.prefab using Guid(418f144343eaa0643a035aba9774644b) Importer(815301076,1909f56bfc062723c751e8b465ee728b)  -> (artifact id: '11a26e1360a05d09e222473e773b4ae8') in 0.012168 seconds 
========================================================================
Received Import Request.
  Time since last request: 84.293281 seconds.
  path: Assets/Assets/Prefab/normal_tree.prefab
  artifactKey: Guid(418f144343eaa0643a035aba9774644b) Importer(815301076,1909f56bfc062723c751e8b465ee728b)
Start importing Assets/Assets/Prefab/normal_tree.prefab using Guid(418f144343eaa0643a035aba9774644b) Importer(815301076,1909f56bfc062723c751e8b465ee728b)  -> (artifact id: '2f0498556fa5dc1e4a24fb8e5b2ecad4') in 0.015989 seconds 
========================================================================
Received Prepare
Registering precompiled user dll's ...
Registered in 0.004618 seconds.
Begin MonoManager ReloadAssembly
Symbol file LoadedFromMemory doesn't match image C:\Users\seongjae\3D_SurvivorGame\Library\PackageCache\com.unity.visualscripting@1.8.0\Editor\VisualScripting.Core\Dependencies\YamlDotNet\Unity.VisualScripting.YamlDotNet.dll
Symbol file LoadedFromMemory doesn't match image C:\Users\seongjae\3D_SurvivorGame\Library\PackageCache\com.unity.visualscripting@1.8.0\Editor\VisualScripting.Core\Dependencies\DotNetZip\Unity.VisualScripting.IonicZip.dll
Native extension for WindowsStandalone target not found
Refreshing native plugins compatible for Editor in 0.73 ms, found 3 plugins.
Preloading 0 native plugins for Editor in 0.00 ms.
Mono: successfully reloaded assembly
- Completed reload, in  0.980 seconds
Domain Reload Profiling:
	ReloadAssembly (981ms)
		BeginReloadAssembly (138ms)
			ExecutionOrderSort (0ms)
			DisableScriptedObjects (4ms)
			BackupInstance (0ms)
			ReleaseScriptingObjects (0ms)
			CreateAndSetChildDomain (31ms)
		EndReloadAssembly (754ms)
			LoadAssemblies (89ms)
			RebuildTransferFunctionScriptingTraits (0ms)
			SetupTypeCache (311ms)
			ReleaseScriptCaches (2ms)
			RebuildScriptCaches (39ms)
			SetupLoadedEditorAssemblies (289ms)
				LogAssemblyErrors (0ms)
				InitializePlatformSupportModulesInManaged (5ms)
				SetLoadedEditorAssemblies (0ms)
				RefreshPlugins (1ms)
				BeforeProcessingInitializeOnLoad (56ms)
				ProcessInitializeOnLoadAttributes (194ms)
				ProcessInitializeOnLoadMethodAttributes (23ms)
				AfterProcessingInitializeOnLoad (8ms)
				EditorAssembliesLoaded (0ms)
			ExecutionOrderSort2 (0ms)
			AwakeInstancesAfterBackupRestoration (8ms)
Platform modules already initialized, skipping
Refreshing native plugins compatible for Editor in 1.83 ms, found 3 plugins.
Preloading 0 native plugins for Editor in 0.00 ms.
Unloading 3043 Unused Serialized files (Serialized files now loaded: 0)
Unloading 17 unused Assets / (80.3 KB). Loaded Objects now: 3609.
Memory consumption went from 125.5 MB to 125.4 MB.
Total: 3.639100 ms (FindLiveObjects: 0.323600 ms CreateObjectMapping: 0.146200 ms MarkObjects: 3.034500 ms  DeleteObjects: 0.133100 ms)

AssetImportParameters requested are different than current active one (requested -> active):
  custom:video-decoder-ogg-theora: a1e56fd34408186e4bbccfd4996cb3dc -> 
  custom:container-muxer-webm: aa71ff27fc2769a1b78a27578f13a17b -> 
  custom:container-demuxer-webm: 4f35f7cbe854078d1ac9338744f61a02 -> 
  custom:video-encoder-webm-vp8: eb34c28f22e8b96e1ab97ce403110664 -> 
  custom:audio-encoder-webm-vorbis: bf7c407c2cedff20999df2af8eb42d56 -> 
  custom:framework-win-MediaFoundation: 216162199b28c13a410421893ffa2e32 -> 
  custom:container-demuxer-ogg: 62fdf1f143b41e24485cea50d1cbac27 -> 
  custom:video-decoder-webm-vp8: 9c59270c3fd7afecdb556c50c9e8de78 -> 
  custom:audio-decoder-ogg-vorbis: bf7c407c2cedff20999df2af8eb42d56 -> 
========================================================================
Received Import Request.
  Time since last request: 132.713781 seconds.
  path: Assets/Assets/Prefab/normal_tree.prefab
  artifactKey: Guid(418f144343eaa0643a035aba9774644b) Importer(815301076,1909f56bfc062723c751e8b465ee728b)
Start importing Assets/Assets/Prefab/normal_tree.prefab using Guid(418f144343eaa0643a035aba9774644b) Importer(815301076,1909f56bfc062723c751e8b465ee728b)  -> (artifact id: '06beda61e92cf8ec2600cd18a18c4757') in 0.077980 seconds 
========================================================================
Received Prepare
Registering precompiled user dll's ...
Registered in 0.004836 seconds.
Begin MonoManager ReloadAssembly
Symbol file LoadedFromMemory doesn't match image C:\Users\seongjae\3D_SurvivorGame\Library\PackageCache\com.unity.visualscripting@1.8.0\Editor\VisualScripting.Core\Dependencies\YamlDotNet\Unity.VisualScripting.YamlDotNet.dll
Symbol file LoadedFromMemory doesn't match image C:\Users\seongjae\3D_SurvivorGame\Library\PackageCache\com.unity.visualscripting@1.8.0\Editor\VisualScripting.Core\Dependencies\DotNetZip\Unity.VisualScripting.IonicZip.dll
Native extension for WindowsStandalone target not found
Refreshing native plugins compatible for Editor in 0.46 ms, found 3 plugins.
Preloading 0 native plugins for Editor in 0.00 ms.
Mono: successfully reloaded assembly
- Completed reload, in  0.893 seconds
Domain Reload Profiling:
	ReloadAssembly (893ms)
		BeginReloadAssembly (128ms)
			ExecutionOrderSort (0ms)
			DisableScriptedObjects (3ms)
			BackupInstance (0ms)
			ReleaseScriptingObjects (0ms)
			CreateAndSetChildDomain (27ms)
		EndReloadAssembly (673ms)
			LoadAssemblies (90ms)
			RebuildTransferFunctionScriptingTraits (0ms)
			SetupTypeCache (241ms)
			ReleaseScriptCaches (2ms)
			RebuildScriptCaches (44ms)
			SetupLoadedEditorAssemblies (259ms)
				LogAssemblyErrors (0ms)
				InitializePlatformSupportModulesInManaged (7ms)
				SetLoadedEditorAssemblies (0ms)
				RefreshPlugins (1ms)
				BeforeProcessingInitializeOnLoad (59ms)
				ProcessInitializeOnLoadAttributes (164ms)
				ProcessInitializeOnLoadMethodAttributes (18ms)
				AfterProcessingInitializeOnLoad (10ms)
				EditorAssembliesLoaded (0ms)
			ExecutionOrderSort2 (0ms)
			AwakeInstancesAfterBackupRestoration (10ms)
Platform modules already initialized, skipping
Refreshing native plugins compatible for Editor in 2.67 ms, found 3 plugins.
Preloading 0 native plugins for Editor in 0.00 ms.
Unloading 3043 Unused Serialized files (Serialized files now loaded: 0)
Unloading 17 unused Assets / (80.3 KB). Loaded Objects now: 3612.
Memory consumption went from 125.5 MB to 125.5 MB.
Total: 3.320200 ms (FindLiveObjects: 0.296300 ms CreateObjectMapping: 0.316100 ms MarkObjects: 2.609400 ms  DeleteObjects: 0.097200 ms)

AssetImportParameters requested are different than current active one (requested -> active):
  custom:video-decoder-ogg-theora: a1e56fd34408186e4bbccfd4996cb3dc -> 
  custom:container-muxer-webm: aa71ff27fc2769a1b78a27578f13a17b -> 
  custom:container-demuxer-webm: 4f35f7cbe854078d1ac9338744f61a02 -> 
  custom:video-encoder-webm-vp8: eb34c28f22e8b96e1ab97ce403110664 -> 
  custom:audio-encoder-webm-vorbis: bf7c407c2cedff20999df2af8eb42d56 -> 
  custom:framework-win-MediaFoundation: 216162199b28c13a410421893ffa2e32 -> 
  custom:container-demuxer-ogg: 62fdf1f143b41e24485cea50d1cbac27 -> 
  custom:video-decoder-webm-vp8: 9c59270c3fd7afecdb556c50c9e8de78 -> 
  custom:audio-decoder-ogg-vorbis: bf7c407c2cedff20999df2af8eb42d56 -> 
========================================================================
Received Import Request.
  Time since last request: 48.902279 seconds.
  path: Assets/Assets/Prefab/normal_tree.prefab
  artifactKey: Guid(418f144343eaa0643a035aba9774644b) Importer(815301076,1909f56bfc062723c751e8b465ee728b)
Start importing Assets/Assets/Prefab/normal_tree.prefab using Guid(418f144343eaa0643a035aba9774644b) Importer(815301076,1909f56bfc062723c751e8b465ee728b)  -> (artifact id: 'adcc3a378416e399feead56276b56090') in 0.076712 seconds 
========================================================================
Received Prepare
Registering precompiled user dll's ...
Registered in 0.004413 seconds.
Begin MonoManager ReloadAssembly
Symbol file LoadedFromMemory doesn't match image C:\Users\seongjae\3D_SurvivorGame\Library\PackageCache\com.unity.visualscripting@1.8.0\Editor\VisualScripting.Core\Dependencies\YamlDotNet\Unity.VisualScripting.YamlDotNet.dll
Symbol file LoadedFromMemory doesn't match image C:\Users\seongjae\3D_SurvivorGame\Library\PackageCache\com.unity.visualscripting@1.8.0\Editor\VisualScripting.Core\Dependencies\DotNetZip\Unity.VisualScripting.IonicZip.dll
Native extension for WindowsStandalone target not found
Refreshing native plugins compatible for Editor in 0.43 ms, found 3 plugins.
Preloading 0 native plugins for Editor in 0.00 ms.
Mono: successfully reloaded assembly
- Completed reload, in  0.911 seconds
Domain Reload Profiling:
	ReloadAssembly (911ms)
		BeginReloadAssembly (131ms)
			ExecutionOrderSort (0ms)
			DisableScriptedObjects (3ms)
			BackupInstance (0ms)
			ReleaseScriptingObjects (0ms)
			CreateAndSetChildDomain (25ms)
		EndReloadAssembly (686ms)
			LoadAssemblies (92ms)
			RebuildTransferFunctionScriptingTraits (0ms)
			SetupTypeCache (228ms)
			ReleaseScriptCaches (2ms)
			RebuildScriptCaches (42ms)
			SetupLoadedEditorAssemblies (296ms)
				LogAssemblyErrors (0ms)
				InitializePlatformSupportModulesInManaged (6ms)
				SetLoadedEditorAssemblies (0ms)
				RefreshPlugins (0ms)
				BeforeProcessingInitializeOnLoad (59ms)
				ProcessInitializeOnLoadAttributes (202ms)
				ProcessInitializeOnLoadMethodAttributes (19ms)
				AfterProcessingInitializeOnLoad (8ms)
				EditorAssembliesLoaded (0ms)
			ExecutionOrderSort2 (0ms)
			AwakeInstancesAfterBackupRestoration (10ms)
Platform modules already initialized, skipping
Refreshing native plugins compatible for Editor in 2.69 ms, found 3 plugins.
Preloading 0 native plugins for Editor in 0.00 ms.
Unloading 3043 Unused Serialized files (Serialized files now loaded: 0)
Unloading 17 unused Assets / (80.2 KB). Loaded Objects now: 3615.
Memory consumption went from 125.5 MB to 125.5 MB.
Total: 3.542800 ms (FindLiveObjects: 0.340300 ms CreateObjectMapping: 0.115100 ms MarkObjects: 2.916900 ms  DeleteObjects: 0.166300 ms)

AssetImportParameters requested are different than current active one (requested -> active):
  custom:video-decoder-ogg-theora: a1e56fd34408186e4bbccfd4996cb3dc -> 
  custom:container-muxer-webm: aa71ff27fc2769a1b78a27578f13a17b -> 
  custom:container-demuxer-webm: 4f35f7cbe854078d1ac9338744f61a02 -> 
  custom:video-encoder-webm-vp8: eb34c28f22e8b96e1ab97ce403110664 -> 
  custom:audio-encoder-webm-vorbis: bf7c407c2cedff20999df2af8eb42d56 -> 
  custom:framework-win-MediaFoundation: 216162199b28c13a410421893ffa2e32 -> 
  custom:container-demuxer-ogg: 62fdf1f143b41e24485cea50d1cbac27 -> 
  custom:video-decoder-webm-vp8: 9c59270c3fd7afecdb556c50c9e8de78 -> 
  custom:audio-decoder-ogg-vorbis: bf7c407c2cedff20999df2af8eb42d56 -> 
========================================================================
Received Import Request.
  Time since last request: 172.628995 seconds.
  path: Assets/Assets/Prefab/normal_tree.prefab
  artifactKey: Guid(418f144343eaa0643a035aba9774644b) Importer(815301076,1909f56bfc062723c751e8b465ee728b)
Start importing Assets/Assets/Prefab/normal_tree.prefab using Guid(418f144343eaa0643a035aba9774644b) Importer(815301076,1909f56bfc062723c751e8b465ee728b)  -> (artifact id: 'e2720947183051ef5518b50cd58af1e5') in 0.085394 seconds 
========================================================================
Received Prepare
Registering precompiled user dll's ...
Registered in 0.005899 seconds.
Begin MonoManager ReloadAssembly
Symbol file LoadedFromMemory doesn't match image C:\Users\seongjae\3D_SurvivorGame\Library\PackageCache\com.unity.visualscripting@1.8.0\Editor\VisualScripting.Core\Dependencies\YamlDotNet\Unity.VisualScripting.YamlDotNet.dll
Symbol file LoadedFromMemory doesn't match image C:\Users\seongjae\3D_SurvivorGame\Library\PackageCache\com.unity.visualscripting@1.8.0\Editor\VisualScripting.Core\Dependencies\DotNetZip\Unity.VisualScripting.IonicZip.dll
Native extension for WindowsStandalone target not found
Refreshing native plugins compatible for Editor in 0.71 ms, found 3 plugins.
Preloading 0 native plugins for Editor in 0.00 ms.
Mono: successfully reloaded assembly
- Completed reload, in  0.881 seconds
Domain Reload Profiling:
	ReloadAssembly (882ms)
		BeginReloadAssembly (138ms)
			ExecutionOrderSort (0ms)
			DisableScriptedObjects (4ms)
			BackupInstance (0ms)
			ReleaseScriptingObjects (0ms)
			CreateAndSetChildDomain (32ms)
		EndReloadAssembly (649ms)
			LoadAssemblies (97ms)
			RebuildTransferFunctionScriptingTraits (0ms)
			SetupTypeCache (225ms)
			ReleaseScriptCaches (2ms)
			RebuildScriptCaches (37ms)
			SetupLoadedEditorAssemblies (263ms)
				LogAssemblyErrors (0ms)
				InitializePlatformSupportModulesInManaged (7ms)
				SetLoadedEditorAssemblies (1ms)
				RefreshPlugins (1ms)
				BeforeProcessingInitializeOnLoad (59ms)
				ProcessInitializeOnLoadAttributes (169ms)
				ProcessInitializeOnLoadMethodAttributes (17ms)
				AfterProcessingInitializeOnLoad (10ms)
				EditorAssembliesLoaded (0ms)
			ExecutionOrderSort2 (0ms)
			AwakeInstancesAfterBackupRestoration (8ms)
Platform modules already initialized, skipping
Refreshing native plugins compatible for Editor in 2.11 ms, found 3 plugins.
Preloading 0 native plugins for Editor in 0.00 ms.
Unloading 3043 Unused Serialized files (Serialized files now loaded: 0)
Unloading 17 unused Assets / (80.2 KB). Loaded Objects now: 3618.
Memory consumption went from 125.6 MB to 125.5 MB.
Total: 3.104100 ms (FindLiveObjects: 0.231300 ms CreateObjectMapping: 0.116900 ms MarkObjects: 2.536100 ms  DeleteObjects: 0.218700 ms)

AssetImportParameters requested are different than current active one (requested -> active):
  custom:video-decoder-ogg-theora: a1e56fd34408186e4bbccfd4996cb3dc -> 
  custom:container-muxer-webm: aa71ff27fc2769a1b78a27578f13a17b -> 
  custom:container-demuxer-webm: 4f35f7cbe854078d1ac9338744f61a02 -> 
  custom:video-encoder-webm-vp8: eb34c28f22e8b96e1ab97ce403110664 -> 
  custom:audio-encoder-webm-vorbis: bf7c407c2cedff20999df2af8eb42d56 -> 
  custom:framework-win-MediaFoundation: 216162199b28c13a410421893ffa2e32 -> 
  custom:container-demuxer-ogg: 62fdf1f143b41e24485cea50d1cbac27 -> 
  custom:video-decoder-webm-vp8: 9c59270c3fd7afecdb556c50c9e8de78 -> 
  custom:audio-decoder-ogg-vorbis: bf7c407c2cedff20999df2af8eb42d56 -> 
========================================================================
Received Import Request.
  Time since last request: 60.608876 seconds.
  path: Assets/Assets/Prefab/normal_tree.prefab
  artifactKey: Guid(418f144343eaa0643a035aba9774644b) Importer(815301076,1909f56bfc062723c751e8b465ee728b)
Start importing Assets/Assets/Prefab/normal_tree.prefab using Guid(418f144343eaa0643a035aba9774644b) Importer(815301076,1909f56bfc062723c751e8b465ee728b)  -> (artifact id: '2e1f740ba52627d7b2e22da5035722ff') in 0.070835 seconds 
========================================================================
Received Prepare
Registering precompiled user dll's ...
Registered in 0.004751 seconds.
Begin MonoManager ReloadAssembly
Symbol file LoadedFromMemory doesn't match image C:\Users\seongjae\3D_SurvivorGame\Library\PackageCache\com.unity.visualscripting@1.8.0\Editor\VisualScripting.Core\Dependencies\YamlDotNet\Unity.VisualScripting.YamlDotNet.dll
Symbol file LoadedFromMemory doesn't match image C:\Users\seongjae\3D_SurvivorGame\Library\PackageCache\com.unity.visualscripting@1.8.0\Editor\VisualScripting.Core\Dependencies\DotNetZip\Unity.VisualScripting.IonicZip.dll
Native extension for WindowsStandalone target not found
Refreshing native plugins compatible for Editor in 1.35 ms, found 3 plugins.
Preloading 0 native plugins for Editor in 0.00 ms.
Mono: successfully reloaded assembly
- Completed reload, in  1.179 seconds
Domain Reload Profiling:
	ReloadAssembly (1180ms)
		BeginReloadAssembly (133ms)
			ExecutionOrderSort (0ms)
			DisableScriptedObjects (4ms)
			BackupInstance (0ms)
			ReleaseScriptingObjects (0ms)
			CreateAndSetChildDomain (27ms)
		EndReloadAssembly (955ms)
			LoadAssemblies (103ms)
			RebuildTransferFunctionScriptingTraits (0ms)
			SetupTypeCache (231ms)
			ReleaseScriptCaches (1ms)
			RebuildScriptCaches (63ms)
			SetupLoadedEditorAssemblies (406ms)
				LogAssemblyErrors (0ms)
				InitializePlatformSupportModulesInManaged (16ms)
				SetLoadedEditorAssemblies (1ms)
				RefreshPlugins (1ms)
				BeforeProcessingInitializeOnLoad (93ms)
				ProcessInitializeOnLoadAttributes (254ms)
				ProcessInitializeOnLoadMethodAttributes (26ms)
				AfterProcessingInitializeOnLoad (15ms)
				EditorAssembliesLoaded (0ms)
			ExecutionOrderSort2 (0ms)
			AwakeInstancesAfterBackupRestoration (13ms)
Platform modules already initialized, skipping
Refreshing native plugins compatible for Editor in 3.29 ms, found 3 plugins.
Preloading 0 native plugins for Editor in 0.00 ms.
Unloading 3043 Unused Serialized files (Serialized files now loaded: 0)
Unloading 17 unused Assets / (80.1 KB). Loaded Objects now: 3621.
Memory consumption went from 125.6 MB to 125.5 MB.
Total: 3.690600 ms (FindLiveObjects: 0.336000 ms CreateObjectMapping: 0.155400 ms MarkObjects: 3.052300 ms  DeleteObjects: 0.144800 ms)

AssetImportParameters requested are different than current active one (requested -> active):
  custom:video-decoder-ogg-theora: a1e56fd34408186e4bbccfd4996cb3dc -> 
  custom:container-muxer-webm: aa71ff27fc2769a1b78a27578f13a17b -> 
  custom:container-demuxer-webm: 4f35f7cbe854078d1ac9338744f61a02 -> 
  custom:video-encoder-webm-vp8: eb34c28f22e8b96e1ab97ce403110664 -> 
  custom:audio-encoder-webm-vorbis: bf7c407c2cedff20999df2af8eb42d56 -> 
  custom:framework-win-MediaFoundation: 216162199b28c13a410421893ffa2e32 -> 
  custom:container-demuxer-ogg: 62fdf1f143b41e24485cea50d1cbac27 -> 
  custom:video-decoder-webm-vp8: 9c59270c3fd7afecdb556c50c9e8de78 -> 
  custom:audio-decoder-ogg-vorbis: bf7c407c2cedff20999df2af8eb42d56 -> 
========================================================================
Received Prepare
Registering precompiled user dll's ...
Registered in 0.005230 seconds.
Begin MonoManager ReloadAssembly
Symbol file LoadedFromMemory doesn't match image C:\Users\seongjae\3D_SurvivorGame\Library\PackageCache\com.unity.visualscripting@1.8.0\Editor\VisualScripting.Core\Dependencies\YamlDotNet\Unity.VisualScripting.YamlDotNet.dll
Symbol file LoadedFromMemory doesn't match image C:\Users\seongjae\3D_SurvivorGame\Library\PackageCache\com.unity.visualscripting@1.8.0\Editor\VisualScripting.Core\Dependencies\DotNetZip\Unity.VisualScripting.IonicZip.dll
Native extension for WindowsStandalone target not found
Refreshing native plugins compatible for Editor in 0.73 ms, found 3 plugins.
Preloading 0 native plugins for Editor in 0.00 ms.
Mono: successfully reloaded assembly
- Completed reload, in  1.056 seconds
Domain Reload Profiling:
	ReloadAssembly (1057ms)
		BeginReloadAssembly (154ms)
			ExecutionOrderSort (0ms)
			DisableScriptedObjects (6ms)
			BackupInstance (0ms)
			ReleaseScriptingObjects (0ms)
			CreateAndSetChildDomain (26ms)
		EndReloadAssembly (811ms)
			LoadAssemblies (101ms)
			RebuildTransferFunctionScriptingTraits (0ms)
			SetupTypeCache (221ms)
			ReleaseScriptCaches (2ms)
			RebuildScriptCaches (46ms)
			SetupLoadedEditorAssemblies (406ms)
				LogAssemblyErrors (0ms)
				InitializePlatformSupportModulesInManaged (7ms)
				SetLoadedEditorAssemblies (0ms)
				RefreshPlugins (1ms)
				BeforeProcessingInitializeOnLoad (62ms)
				ProcessInitializeOnLoadAttributes (309ms)
				ProcessInitializeOnLoadMethodAttributes (19ms)
				AfterProcessingInitializeOnLoad (8ms)
				EditorAssembliesLoaded (0ms)
			ExecutionOrderSort2 (0ms)
			AwakeInstancesAfterBackupRestoration (9ms)
Platform modules already initialized, skipping
Refreshing native plugins compatible for Editor in 1.94 ms, found 3 plugins.
Preloading 0 native plugins for Editor in 0.00 ms.
Unloading 3043 Unused Serialized files (Serialized files now loaded: 0)
Unloading 17 unused Assets / (80.2 KB). Loaded Objects now: 3624.
Memory consumption went from 125.6 MB to 125.5 MB.
Total: 4.134700 ms (FindLiveObjects: 0.212900 ms CreateObjectMapping: 0.099400 ms MarkObjects: 3.728700 ms  DeleteObjects: 0.092400 ms)

AssetImportParameters requested are different than current active one (requested -> active):
  custom:video-decoder-ogg-theora: a1e56fd34408186e4bbccfd4996cb3dc -> 
  custom:container-muxer-webm: aa71ff27fc2769a1b78a27578f13a17b -> 
  custom:container-demuxer-webm: 4f35f7cbe854078d1ac9338744f61a02 -> 
  custom:video-encoder-webm-vp8: eb34c28f22e8b96e1ab97ce403110664 -> 
  custom:audio-encoder-webm-vorbis: bf7c407c2cedff20999df2af8eb42d56 -> 
  custom:framework-win-MediaFoundation: 216162199b28c13a410421893ffa2e32 -> 
  custom:container-demuxer-ogg: 62fdf1f143b41e24485cea50d1cbac27 -> 
  custom:video-decoder-webm-vp8: 9c59270c3fd7afecdb556c50c9e8de78 -> 
  custom:audio-decoder-ogg-vorbis: bf7c407c2cedff20999df2af8eb42d56 -> 
========================================================================
Received Prepare
Registering precompiled user dll's ...
Registered in 0.006399 seconds.
Begin MonoManager ReloadAssembly
Symbol file LoadedFromMemory doesn't match image C:\Users\seongjae\3D_SurvivorGame\Library\PackageCache\com.unity.visualscripting@1.8.0\Editor\VisualScripting.Core\Dependencies\YamlDotNet\Unity.VisualScripting.YamlDotNet.dll
Symbol file LoadedFromMemory doesn't match image C:\Users\seongjae\3D_SurvivorGame\Library\PackageCache\com.unity.visualscripting@1.8.0\Editor\VisualScripting.Core\Dependencies\DotNetZip\Unity.VisualScripting.IonicZip.dll
Native extension for WindowsStandalone target not found
Refreshing native plugins compatible for Editor in 0.44 ms, found 3 plugins.
Preloading 0 native plugins for Editor in 0.00 ms.
Mono: successfully reloaded assembly
- Completed reload, in  1.009 seconds
Domain Reload Profiling:
	ReloadAssembly (1010ms)
		BeginReloadAssembly (141ms)
			ExecutionOrderSort (0ms)
			DisableScriptedObjects (6ms)
			BackupInstance (0ms)
			ReleaseScriptingObjects (0ms)
			CreateAndSetChildDomain (29ms)
		EndReloadAssembly (771ms)
			LoadAssemblies (90ms)
			RebuildTransferFunctionScriptingTraits (0ms)
			SetupTypeCache (242ms)
			ReleaseScriptCaches (1ms)
			RebuildScriptCaches (38ms)
			SetupLoadedEditorAssemblies (371ms)
				LogAssemblyErrors (0ms)
				InitializePlatformSupportModulesInManaged (6ms)
				SetLoadedEditorAssemblies (0ms)
				RefreshPlugins (0ms)
				BeforeProcessingInitializeOnLoad (67ms)
				ProcessInitializeOnLoadAttributes (272ms)
				ProcessInitializeOnLoadMethodAttributes (14ms)
				AfterProcessingInitializeOnLoad (10ms)
				EditorAssembliesLoaded (0ms)
			ExecutionOrderSort2 (0ms)
			AwakeInstancesAfterBackupRestoration (10ms)
Platform modules already initialized, skipping
Refreshing native plugins compatible for Editor in 2.11 ms, found 3 plugins.
Preloading 0 native plugins for Editor in 0.00 ms.
Unloading 3043 Unused Serialized files (Serialized files now loaded: 0)
Unloading 17 unused Assets / (80.2 KB). Loaded Objects now: 3627.
Memory consumption went from 125.6 MB to 125.5 MB.
Total: 3.035400 ms (FindLiveObjects: 0.250200 ms CreateObjectMapping: 0.111800 ms MarkObjects: 2.564500 ms  DeleteObjects: 0.107500 ms)

AssetImportParameters requested are different than current active one (requested -> active):
  custom:video-decoder-ogg-theora: a1e56fd34408186e4bbccfd4996cb3dc -> 
  custom:container-muxer-webm: aa71ff27fc2769a1b78a27578f13a17b -> 
  custom:container-demuxer-webm: 4f35f7cbe854078d1ac9338744f61a02 -> 
  custom:video-encoder-webm-vp8: eb34c28f22e8b96e1ab97ce403110664 -> 
  custom:audio-encoder-webm-vorbis: bf7c407c2cedff20999df2af8eb42d56 -> 
  custom:framework-win-MediaFoundation: 216162199b28c13a410421893ffa2e32 -> 
  custom:container-demuxer-ogg: 62fdf1f143b41e24485cea50d1cbac27 -> 
  custom:video-decoder-webm-vp8: 9c59270c3fd7afecdb556c50c9e8de78 -> 
  custom:audio-decoder-ogg-vorbis: bf7c407c2cedff20999df2af8eb42d56 -> 
========================================================================
Received Prepare
Registering precompiled user dll's ...
Registered in 0.005615 seconds.
Begin MonoManager ReloadAssembly
Symbol file LoadedFromMemory doesn't match image C:\Users\seongjae\3D_SurvivorGame\Library\PackageCache\com.unity.visualscripting@1.8.0\Editor\VisualScripting.Core\Dependencies\YamlDotNet\Unity.VisualScripting.YamlDotNet.dll
Symbol file LoadedFromMemory doesn't match image C:\Users\seongjae\3D_SurvivorGame\Library\PackageCache\com.unity.visualscripting@1.8.0\Editor\VisualScripting.Core\Dependencies\DotNetZip\Unity.VisualScripting.IonicZip.dll
Native extension for WindowsStandalone target not found
Refreshing native plugins compatible for Editor in 0.80 ms, found 3 plugins.
Preloading 0 native plugins for Editor in 0.00 ms.
Mono: successfully reloaded assembly
- Completed reload, in  0.949 seconds
Domain Reload Profiling:
	ReloadAssembly (949ms)
		BeginReloadAssembly (148ms)
			ExecutionOrderSort (0ms)
			DisableScriptedObjects (5ms)
			BackupInstance (0ms)
			ReleaseScriptingObjects (0ms)
			CreateAndSetChildDomain (27ms)
		EndReloadAssembly (717ms)
			LoadAssemblies (112ms)
			RebuildTransferFunctionScriptingTraits (0ms)
			SetupTypeCache (228ms)
			ReleaseScriptCaches (2ms)
			RebuildScriptCaches (38ms)
			SetupLoadedEditorAssemblies (320ms)
				LogAssemblyErrors (0ms)
				InitializePlatformSupportModulesInManaged (6ms)
				SetLoadedEditorAssemblies (0ms)
				RefreshPlugins (1ms)
				BeforeProcessingInitializeOnLoad (64ms)
				ProcessInitializeOnLoadAttributes (224ms)
				ProcessInitializeOnLoadMethodAttributes (16ms)
				AfterProcessingInitializeOnLoad (8ms)
				EditorAssembliesLoaded (0ms)
			ExecutionOrderSort2 (0ms)
			AwakeInstancesAfterBackupRestoration (8ms)
Platform modules already initialized, skipping
Refreshing native plugins compatible for Editor in 1.93 ms, found 3 plugins.
Preloading 0 native plugins for Editor in 0.00 ms.
Unloading 3043 Unused Serialized files (Serialized files now loaded: 0)
Unloading 17 unused Assets / (80.2 KB). Loaded Objects now: 3630.
Memory consumption went from 125.6 MB to 125.5 MB.
Total: 2.707200 ms (FindLiveObjects: 0.227000 ms CreateObjectMapping: 0.117300 ms MarkObjects: 2.272400 ms  DeleteObjects: 0.089400 ms)

AssetImportParameters requested are different than current active one (requested -> active):
  custom:video-decoder-ogg-theora: a1e56fd34408186e4bbccfd4996cb3dc -> 
  custom:container-muxer-webm: aa71ff27fc2769a1b78a27578f13a17b -> 
  custom:container-demuxer-webm: 4f35f7cbe854078d1ac9338744f61a02 -> 
  custom:video-encoder-webm-vp8: eb34c28f22e8b96e1ab97ce403110664 -> 
  custom:audio-encoder-webm-vorbis: bf7c407c2cedff20999df2af8eb42d56 -> 
  custom:framework-win-MediaFoundation: 216162199b28c13a410421893ffa2e32 -> 
  custom:container-demuxer-ogg: 62fdf1f143b41e24485cea50d1cbac27 -> 
  custom:video-decoder-webm-vp8: 9c59270c3fd7afecdb556c50c9e8de78 -> 
  custom:audio-decoder-ogg-vorbis: bf7c407c2cedff20999df2af8eb42d56 -> 
========================================================================
Received Import Request.
  Time since last request: 1404.126778 seconds.
  path: Assets/Assets/3D Model/lowPoly_arms_Basic.fbx
  artifactKey: Guid(96e50d64672ca1846859b555f95f1d75) Importer(815301076,1909f56bfc062723c751e8b465ee728b)
Start importing Assets/Assets/3D Model/lowPoly_arms_Basic.fbx using Guid(96e50d64672ca1846859b555f95f1d75) Importer(815301076,1909f56bfc062723c751e8b465ee728b)  -> (artifact id: '8d41763ed54531b270dc83860eda33d6') in 0.167703 seconds 
========================================================================
Received Import Request.
  Time since last request: 249.232673 seconds.
  path: Assets/Assets/3D Model/lowPoly_arms_SubMachineGun2 1.fbx
  artifactKey: Guid(6d26d95b6a3ee1c45bb295aa13cf3bbc) Importer(815301076,1909f56bfc062723c751e8b465ee728b)
Start importing Assets/Assets/3D Model/lowPoly_arms_SubMachineGun2 1.fbx using Guid(6d26d95b6a3ee1c45bb295aa13cf3bbc) Importer(815301076,1909f56bfc062723c751e8b465ee728b)  -> (artifact id: '22a6821c50d8a6073953f4bb3e8332f0') in 0.099781 seconds 
========================================================================
Received Import Request.
  Time since last request: 0.042801 seconds.
  path: Assets/Assets/3D Model/lowPoly_arms_SubMachineGun 1.fbx
  artifactKey: Guid(9affc02c0da68544d914152d640d977f) Importer(815301076,1909f56bfc062723c751e8b465ee728b)
Start importing Assets/Assets/3D Model/lowPoly_arms_SubMachineGun 1.fbx using Guid(9affc02c0da68544d914152d640d977f) Importer(815301076,1909f56bfc062723c751e8b465ee728b)  -> (artifact id: 'b24ef9b74f769f9c283db58fd8966035') in 0.165318 seconds 
========================================================================
Received Import Request.
  Time since last request: 0.250056 seconds.
  path: Assets/Assets/3D Model/lowPoly_arms_Pickaxe 1.fbx
  artifactKey: Guid(7c17397c27292c5419c8838b86859bdf) Importer(815301076,1909f56bfc062723c751e8b465ee728b)
Start importing Assets/Assets/3D Model/lowPoly_arms_Pickaxe 1.fbx using Guid(7c17397c27292c5419c8838b86859bdf) Importer(815301076,1909f56bfc062723c751e8b465ee728b)  -> (artifact id: '0e1aa71210b026dd8aecf4211aef96d3') in 0.053329 seconds 
========================================================================
Received Import Request.
  Time since last request: 0.194148 seconds.
  path: Assets/Assets/3D Model/lowPoly_arms_Axe 1.fbx
  artifactKey: Guid(4a6f358f897964a4f832651150fa6b17) Importer(815301076,1909f56bfc062723c751e8b465ee728b)
Start importing Assets/Assets/3D Model/lowPoly_arms_Axe 1.fbx using Guid(4a6f358f897964a4f832651150fa6b17) Importer(815301076,1909f56bfc062723c751e8b465ee728b)  -> (artifact id: '51d662ebbbc6e22549953bc58ed7b905') in 0.056400 seconds 
========================================================================
Received Import Request.
  Time since last request: 0.000022 seconds.
  path: Assets/Assets/3D Model/lowPoly_arms_Basic.fbx
  artifactKey: Guid(96e50d64672ca1846859b555f95f1d75) Importer(815301076,1909f56bfc062723c751e8b465ee728b)
Start importing Assets/Assets/3D Model/lowPoly_arms_Basic.fbx using Guid(96e50d64672ca1846859b555f95f1d75) Importer(815301076,1909f56bfc062723c751e8b465ee728b)  -> (artifact id: '343c2c7ce3cf1ec0fc29852442c7805f') in 0.029100 seconds 
========================================================================
Received Import Request.
  Time since last request: 2.026170 seconds.
  path: Assets/Assets/3D Model/lowPoly_arms_Meat 1.fbx
  artifactKey: Guid(fb51687e3131cc746823d78a6037b75e) Importer(815301076,1909f56bfc062723c751e8b465ee728b)
Start importing Assets/Assets/3D Model/lowPoly_arms_Meat 1.fbx using Guid(fb51687e3131cc746823d78a6037b75e) Importer(815301076,1909f56bfc062723c751e8b465ee728b)  -> (artifact id: '5174422117adbcc8ecf33bf8dc4420b1') in 0.038740 seconds 
========================================================================
Received Import Request.
  Time since last request: 358.867881 seconds.
  path: Assets/Assets/New Folder
  artifactKey: Guid(9c477de05b6815044ae7735efc4218e7) Importer(815301076,1909f56bfc062723c751e8b465ee728b)
Start importing Assets/Assets/New Folder using Guid(9c477de05b6815044ae7735efc4218e7) Importer(815301076,1909f56bfc062723c751e8b465ee728b)  -> (artifact id: '3167887388b5d8edbc9c8693ef059228') in 0.004105 seconds 
========================================================================
Received Import Request.
  Time since last request: 14.928255 seconds.
  path: Assets/Assets/Animatoion
  artifactKey: Guid(9c477de05b6815044ae7735efc4218e7) Importer(815301076,1909f56bfc062723c751e8b465ee728b)
Start importing Assets/Assets/Animatoion using Guid(9c477de05b6815044ae7735efc4218e7) Importer(815301076,1909f56bfc062723c751e8b465ee728b)  -> (artifact id: '4bdedd7bbbcef309762e5c3b243ca5d6') in 0.005073 seconds 
========================================================================
Received Import Request.
  Time since last request: 26.260500 seconds.
  path: Assets/Assets/Animatoion/Hand
  artifactKey: Guid(461ef4a99a2b96d47958809cccbbb3da) Importer(815301076,1909f56bfc062723c751e8b465ee728b)
Start importing Assets/Assets/Animatoion/Hand using Guid(461ef4a99a2b96d47958809cccbbb3da) Importer(815301076,1909f56bfc062723c751e8b465ee728b)  -> (artifact id: 'e3c50134beb30c33af1b98d0cd0f9465') in 0.004095 seconds 
========================================================================
Received Import Request.
  Time since last request: 29.272852 seconds.
  path: Assets/Assets/Animatoion/Hand/Hamd_Animator.controller
  artifactKey: Guid(fed10bcf76602c34c98989d5862860e1) Importer(815301076,1909f56bfc062723c751e8b465ee728b)
Start importing Assets/Assets/Animatoion/Hand/Hamd_Animator.controller using Guid(fed10bcf76602c34c98989d5862860e1) Importer(815301076,1909f56bfc062723c751e8b465ee728b)  -> (artifact id: '4cd30bbee647cf4fb9953322ddbae5a9') in 0.009321 seconds 
========================================================================
Received Prepare
Registering precompiled user dll's ...
Registered in 0.004611 seconds.
Begin MonoManager ReloadAssembly
Symbol file LoadedFromMemory doesn't match image C:\Users\seongjae\3D_SurvivorGame\Library\PackageCache\com.unity.visualscripting@1.8.0\Editor\VisualScripting.Core\Dependencies\YamlDotNet\Unity.VisualScripting.YamlDotNet.dll
Symbol file LoadedFromMemory doesn't match image C:\Users\seongjae\3D_SurvivorGame\Library\PackageCache\com.unity.visualscripting@1.8.0\Editor\VisualScripting.Core\Dependencies\DotNetZip\Unity.VisualScripting.IonicZip.dll
Native extension for WindowsStandalone target not found
Refreshing native plugins compatible for Editor in 0.75 ms, found 3 plugins.
Preloading 0 native plugins for Editor in 0.00 ms.
Mono: successfully reloaded assembly
- Completed reload, in  1.096 seconds
Domain Reload Profiling:
	ReloadAssembly (1097ms)
		BeginReloadAssembly (198ms)
			ExecutionOrderSort (0ms)
			DisableScriptedObjects (6ms)
			BackupInstance (0ms)
			ReleaseScriptingObjects (0ms)
			CreateAndSetChildDomain (51ms)
		EndReloadAssembly (777ms)
			LoadAssemblies (132ms)
			RebuildTransferFunctionScriptingTraits (0ms)
			SetupTypeCache (283ms)
			ReleaseScriptCaches (2ms)
			RebuildScriptCaches (45ms)
			SetupLoadedEditorAssemblies (281ms)
				LogAssemblyErrors (0ms)
				InitializePlatformSupportModulesInManaged (7ms)
				SetLoadedEditorAssemblies (1ms)
				RefreshPlugins (1ms)
				BeforeProcessingInitializeOnLoad (65ms)
				ProcessInitializeOnLoadAttributes (179ms)
				ProcessInitializeOnLoadMethodAttributes (17ms)
				AfterProcessingInitializeOnLoad (11ms)
				EditorAssembliesLoaded (0ms)
			ExecutionOrderSort2 (0ms)
			AwakeInstancesAfterBackupRestoration (9ms)
Platform modules already initialized, skipping
Refreshing native plugins compatible for Editor in 2.66 ms, found 3 plugins.
Preloading 0 native plugins for Editor in 0.00 ms.
Unloading 3043 Unused Serialized files (Serialized files now loaded: 0)
Unloading 17 unused Assets / (80.3 KB). Loaded Objects now: 3634.
Memory consumption went from 138.3 MB to 138.2 MB.
Total: 4.023200 ms (FindLiveObjects: 0.251300 ms CreateObjectMapping: 0.112300 ms MarkObjects: 3.543600 ms  DeleteObjects: 0.114300 ms)

AssetImportParameters requested are different than current active one (requested -> active):
  custom:video-decoder-ogg-theora: a1e56fd34408186e4bbccfd4996cb3dc -> 
  custom:container-muxer-webm: aa71ff27fc2769a1b78a27578f13a17b -> 
  custom:container-demuxer-webm: 4f35f7cbe854078d1ac9338744f61a02 -> 
  custom:video-encoder-webm-vp8: eb34c28f22e8b96e1ab97ce403110664 -> 
  custom:audio-encoder-webm-vorbis: bf7c407c2cedff20999df2af8eb42d56 -> 
  custom:framework-win-MediaFoundation: 216162199b28c13a410421893ffa2e32 -> 
  custom:container-demuxer-ogg: 62fdf1f143b41e24485cea50d1cbac27 -> 
  custom:video-decoder-webm-vp8: 9c59270c3fd7afecdb556c50c9e8de78 -> 
  custom:audio-decoder-ogg-vorbis: bf7c407c2cedff20999df2af8eb42d56 -> 
========================================================================
Received Import Request.
  Time since last request: 31.288278 seconds.
  path: Assets/Assets/Animatoion/Hand/Hamd_Animator.controller
  artifactKey: Guid(fed10bcf76602c34c98989d5862860e1) Importer(815301076,1909f56bfc062723c751e8b465ee728b)
Start importing Assets/Assets/Animatoion/Hand/Hamd_Animator.controller using Guid(fed10bcf76602c34c98989d5862860e1) Importer(815301076,1909f56bfc062723c751e8b465ee728b)  -> (artifact id: '708673c331455a2acb6af42e860e443e') in 0.022312 seconds 
========================================================================
Received Import Request.
  Time since last request: 601.958846 seconds.
  path: Assets/Assets/Scripts/Hand.cs
  artifactKey: Guid(7418424756a71a14ba993cec87979ac2) Importer(815301076,1909f56bfc062723c751e8b465ee728b)
Start importing Assets/Assets/Scripts/Hand.cs using Guid(7418424756a71a14ba993cec87979ac2) Importer(815301076,1909f56bfc062723c751e8b465ee728b)  -> (artifact id: 'fc0761ba4aa1cb0de7401d743cb1ba46') in 0.003935 seconds 
========================================================================
Received Import Request.
  Time since last request: 189.686782 seconds.
  path: Assets/Assets/Scripts/Hand.cs
  artifactKey: Guid(7418424756a71a14ba993cec87979ac2) Importer(815301076,1909f56bfc062723c751e8b465ee728b)
Start importing Assets/Assets/Scripts/Hand.cs using Guid(7418424756a71a14ba993cec87979ac2) Importer(815301076,1909f56bfc062723c751e8b465ee728b)  -> (artifact id: '7987bbf77b8a56035430002c7cbc9bf4') in 0.005462 seconds 
========================================================================
Received Prepare
Registering precompiled user dll's ...
Registered in 0.012556 seconds.
Begin MonoManager ReloadAssembly
Symbol file LoadedFromMemory doesn't match image C:\Users\seongjae\3D_SurvivorGame\Library\PackageCache\com.unity.visualscripting@1.8.0\Editor\VisualScripting.Core\Dependencies\YamlDotNet\Unity.VisualScripting.YamlDotNet.dll
Symbol file LoadedFromMemory doesn't match image C:\Users\seongjae\3D_SurvivorGame\Library\PackageCache\com.unity.visualscripting@1.8.0\Editor\VisualScripting.Core\Dependencies\DotNetZip\Unity.VisualScripting.IonicZip.dll
Native extension for WindowsStandalone target not found
Refreshing native plugins compatible for Editor in 0.98 ms, found 3 plugins.
Preloading 0 native plugins for Editor in 0.00 ms.
Mono: successfully reloaded assembly
- Completed reload, in  1.743 seconds
Domain Reload Profiling:
	ReloadAssembly (1744ms)
		BeginReloadAssembly (284ms)
			ExecutionOrderSort (0ms)
			DisableScriptedObjects (10ms)
			BackupInstance (0ms)
			ReleaseScriptingObjects (0ms)
			CreateAndSetChildDomain (52ms)
		EndReloadAssembly (1200ms)
			LoadAssemblies (221ms)
			RebuildTransferFunctionScriptingTraits (0ms)
			SetupTypeCache (416ms)
			ReleaseScriptCaches (2ms)
			RebuildScriptCaches (59ms)
			SetupLoadedEditorAssemblies (496ms)
				LogAssemblyErrors (0ms)
				InitializePlatformSupportModulesInManaged (14ms)
				SetLoadedEditorAssemblies (1ms)
				RefreshPlugins (1ms)
				BeforeProcessingInitializeOnLoad (112ms)
				ProcessInitializeOnLoadAttributes (324ms)
				ProcessInitializeOnLoadMethodAttributes (27ms)
				AfterProcessingInitializeOnLoad (18ms)
				EditorAssembliesLoaded (0ms)
			ExecutionOrderSort2 (0ms)
			AwakeInstancesAfterBackupRestoration (13ms)
Platform modules already initialized, skipping
Refreshing native plugins compatible for Editor in 2.83 ms, found 3 plugins.
Preloading 0 native plugins for Editor in 0.00 ms.
Unloading 3044 Unused Serialized files (Serialized files now loaded: 0)
Unloading 17 unused Assets / (80.2 KB). Loaded Objects now: 3638.
Memory consumption went from 138.3 MB to 138.2 MB.
Total: 3.987200 ms (FindLiveObjects: 0.272300 ms CreateObjectMapping: 0.110800 ms MarkObjects: 3.473800 ms  DeleteObjects: 0.128200 ms)

AssetImportParameters requested are different than current active one (requested -> active):
  custom:video-decoder-ogg-theora: a1e56fd34408186e4bbccfd4996cb3dc -> 
  custom:container-muxer-webm: aa71ff27fc2769a1b78a27578f13a17b -> 
  custom:container-demuxer-webm: 4f35f7cbe854078d1ac9338744f61a02 -> 
  custom:video-encoder-webm-vp8: eb34c28f22e8b96e1ab97ce403110664 -> 
  custom:audio-encoder-webm-vorbis: bf7c407c2cedff20999df2af8eb42d56 -> 
  custom:framework-win-MediaFoundation: 216162199b28c13a410421893ffa2e32 -> 
  custom:container-demuxer-ogg: 62fdf1f143b41e24485cea50d1cbac27 -> 
  custom:video-decoder-webm-vp8: 9c59270c3fd7afecdb556c50c9e8de78 -> 
  custom:audio-decoder-ogg-vorbis: bf7c407c2cedff20999df2af8eb42d56 -> 
========================================================================
Received Import Request.
  Time since last request: 99.082908 seconds.
  path: Assets/Assets/Scripts/HandControllder.cs
  artifactKey: Guid(b2a48a23796f0f74e852a0977bbb1dc3) Importer(815301076,1909f56bfc062723c751e8b465ee728b)
Start importing Assets/Assets/Scripts/HandControllder.cs using Guid(b2a48a23796f0f74e852a0977bbb1dc3) Importer(815301076,1909f56bfc062723c751e8b465ee728b)  -> (artifact id: '38d0a5d243ba84409d7a34b4ded0b558') in 0.011132 seconds 
========================================================================
Received Import Request.
  Time since last request: 174.511187 seconds.
  path: Assets/Assets/Scripts/HandControllder.cs
  artifactKey: Guid(b2a48a23796f0f74e852a0977bbb1dc3) Importer(815301076,1909f56bfc062723c751e8b465ee728b)
Start importing Assets/Assets/Scripts/HandControllder.cs using Guid(b2a48a23796f0f74e852a0977bbb1dc3) Importer(815301076,1909f56bfc062723c751e8b465ee728b)  -> (artifact id: '7959bc1066c291411504d77c039f6bc9') in 0.004509 seconds 
========================================================================
Received Prepare
Registering precompiled user dll's ...
Registered in 0.010526 seconds.
Begin MonoManager ReloadAssembly
Symbol file LoadedFromMemory doesn't match image C:\Users\seongjae\3D_SurvivorGame\Library\PackageCache\com.unity.visualscripting@1.8.0\Editor\VisualScripting.Core\Dependencies\YamlDotNet\Unity.VisualScripting.YamlDotNet.dll
Symbol file LoadedFromMemory doesn't match image C:\Users\seongjae\3D_SurvivorGame\Library\PackageCache\com.unity.visualscripting@1.8.0\Editor\VisualScripting.Core\Dependencies\DotNetZip\Unity.VisualScripting.IonicZip.dll
Native extension for WindowsStandalone target not found
Refreshing native plugins compatible for Editor in 0.77 ms, found 3 plugins.
Preloading 0 native plugins for Editor in 0.00 ms.
Mono: successfully reloaded assembly
- Completed reload, in  1.330 seconds
Domain Reload Profiling:
	ReloadAssembly (1331ms)
		BeginReloadAssembly (290ms)
			ExecutionOrderSort (0ms)
			DisableScriptedObjects (7ms)
			BackupInstance (0ms)
			ReleaseScriptingObjects (0ms)
			CreateAndSetChildDomain (78ms)
		EndReloadAssembly (886ms)
			LoadAssemblies (193ms)
			RebuildTransferFunctionScriptingTraits (0ms)
			SetupTypeCache (296ms)
			ReleaseScriptCaches (2ms)
			RebuildScriptCaches (48ms)
			SetupLoadedEditorAssemblies (378ms)
				LogAssemblyErrors (0ms)
				InitializePlatformSupportModulesInManaged (8ms)
				SetLoadedEditorAssemblies (1ms)
				RefreshPlugins (1ms)
				BeforeProcessingInitializeOnLoad (84ms)
				ProcessInitializeOnLoadAttributes (250ms)
				ProcessInitializeOnLoadMethodAttributes (22ms)
				AfterProcessingInitializeOnLoad (13ms)
				EditorAssembliesLoaded (0ms)
			ExecutionOrderSort2 (0ms)
			AwakeInstancesAfterBackupRestoration (12ms)
Platform modules already initialized, skipping
Refreshing native plugins compatible for Editor in 2.54 ms, found 3 plugins.
Preloading 0 native plugins for Editor in 0.00 ms.
Unloading 3045 Unused Serialized files (Serialized files now loaded: 0)
Unloading 17 unused Assets / (80.3 KB). Loaded Objects now: 3642.
Memory consumption went from 138.4 MB to 138.3 MB.
Total: 4.113000 ms (FindLiveObjects: 0.565800 ms CreateObjectMapping: 0.127400 ms MarkObjects: 3.254500 ms  DeleteObjects: 0.162400 ms)

AssetImportParameters requested are different than current active one (requested -> active):
  custom:video-decoder-ogg-theora: a1e56fd34408186e4bbccfd4996cb3dc -> 
  custom:container-muxer-webm: aa71ff27fc2769a1b78a27578f13a17b -> 
  custom:container-demuxer-webm: 4f35f7cbe854078d1ac9338744f61a02 -> 
  custom:video-encoder-webm-vp8: eb34c28f22e8b96e1ab97ce403110664 -> 
  custom:audio-encoder-webm-vorbis: bf7c407c2cedff20999df2af8eb42d56 -> 
  custom:framework-win-MediaFoundation: 216162199b28c13a410421893ffa2e32 -> 
  custom:container-demuxer-ogg: 62fdf1f143b41e24485cea50d1cbac27 -> 
  custom:video-decoder-webm-vp8: 9c59270c3fd7afecdb556c50c9e8de78 -> 
  custom:audio-decoder-ogg-vorbis: bf7c407c2cedff20999df2af8eb42d56 -> 
