Using pre-set license
Built from '2021.3/staging' branch; Version is '2021.3.21f1 (1b156197d683) revision 1774945'; Using compiler version '192829333'; Build Type 'Release'
OS: 'Windows 11  (10.0.22000) 64bit Professional' Language: 'ko' Physical Memory: 16100 MB
BatchMode: 1, IsHumanControllingUs: 0, StartBugReporterOnCrash: 0, Is64bit: 1, IsPro: 1

COMMAND LINE ARGUMENTS:
C:\Program Files\Unity\Hub\Editor\2021.3.21f1\Editor\Unity.exe
-adb2
-batchMode
-noUpm
-name
AssetImportWorker6
-projectPath
C:/Users/seongjae/3D_SurvivorGame
-logFile
Logs/AssetImportWorker6.log
-srvPort
53195
Successfully changed project path to: C:/Users/seongjae/3D_SurvivorGame
C:/Users/seongjae/3D_SurvivorGame
[UnityMemory] Configuration Parameters - Can be set up in boot.config
    "memorysetup-bucket-allocator-granularity=16"
    "memorysetup-bucket-allocator-bucket-count=8"
    "memorysetup-bucket-allocator-block-size=33554432"
    "memorysetup-bucket-allocator-block-count=8"
    "memorysetup-main-allocator-block-size=16777216"
    "memorysetup-thread-allocator-block-size=16777216"
    "memorysetup-gfx-main-allocator-block-size=16777216"
    "memorysetup-gfx-thread-allocator-block-size=16777216"
    "memorysetup-cache-allocator-block-size=4194304"
    "memorysetup-typetree-allocator-block-size=2097152"
    "memorysetup-profiler-bucket-allocator-granularity=16"
    "memorysetup-profiler-bucket-allocator-bucket-count=8"
    "memorysetup-profiler-bucket-allocator-block-size=33554432"
    "memorysetup-profiler-bucket-allocator-block-count=8"
    "memorysetup-profiler-allocator-block-size=16777216"
    "memorysetup-profiler-editor-allocator-block-size=1048576"
    "memorysetup-temp-allocator-size-main=16777216"
    "memorysetup-job-temp-allocator-block-size=2097152"
    "memorysetup-job-temp-allocator-block-size-background=1048576"
    "memorysetup-job-temp-allocator-reduction-small-platforms=262144"
    "memorysetup-temp-allocator-size-background-worker=32768"
    "memorysetup-temp-allocator-size-job-worker=262144"
    "memorysetup-temp-allocator-size-preload-manager=33554432"
    "memorysetup-temp-allocator-size-nav-mesh-worker=65536"
    "memorysetup-temp-allocator-size-audio-worker=65536"
    "memorysetup-temp-allocator-size-cloud-worker=32768"
    "memorysetup-temp-allocator-size-gi-baking-worker=262144"
    "memorysetup-temp-allocator-size-gfx=262144"
Player connection [21724] Host "[IP] 192.168.46.1 [Port] 0 [Flags] 2 [Guid] 551642518 [EditorId] 551642518 [Version] 1048832 [Id] WindowsEditor(7,DESKTOP-NKIOUVQ) [Debug] 1 [PackageName] WindowsEditor [ProjectName] Editor" joined multi-casting on [225.0.0.222:54997]...

Player connection [21724] Host "[IP] 192.168.46.1 [Port] 0 [Flags] 2 [Guid] 551642518 [EditorId] 551642518 [Version] 1048832 [Id] WindowsEditor(7,DESKTOP-NKIOUVQ) [Debug] 1 [PackageName] WindowsEditor [ProjectName] Editor" joined alternative multi-casting on [225.0.0.222:34997]...

Refreshing native plugins compatible for Editor in 61.41 ms, found 3 plugins.
Preloading 0 native plugins for Editor in 0.00 ms.
Initialize engine version: 2021.3.21f1 (1b156197d683)
[Subsystems] Discovering subsystems at path C:/Program Files/Unity/Hub/Editor/2021.3.21f1/Editor/Data/Resources/UnitySubsystems
[Subsystems] Discovering subsystems at path C:/Users/seongjae/3D_SurvivorGame/Assets
GfxDevice: creating device client; threaded=0; jobified=0
Direct3D:
    Version:  Direct3D 11.0 [level 11.1]
    Renderer: NVIDIA GeForce RTX 2050 (ID=0x25a9)
    Vendor:   NVIDIA
    VRAM:     3993 MB
    Driver:   30.0.15.1228
Initialize mono
Mono path[0] = 'C:/Program Files/Unity/Hub/Editor/2021.3.21f1/Editor/Data/Managed'
Mono path[1] = 'C:/Program Files/Unity/Hub/Editor/2021.3.21f1/Editor/Data/MonoBleedingEdge/lib/mono/unityjit-win32'
Mono config path = 'C:/Program Files/Unity/Hub/Editor/2021.3.21f1/Editor/Data/MonoBleedingEdge/etc'
Using monoOptions --debugger-agent=transport=dt_socket,embedding=1,server=y,suspend=n,address=127.0.0.1:56944
Begin MonoManager ReloadAssembly
Registering precompiled unity dll's ...
Register platform support module: C:/Program Files/Unity/Hub/Editor/2021.3.21f1/Editor/Data/PlaybackEngines/WindowsStandaloneSupport/UnityEditor.WindowsStandalone.Extensions.dll
Registered in 0.006693 seconds.
Native extension for WindowsStandalone target not found
Refreshing native plugins compatible for Editor in 58.22 ms, found 3 plugins.
Preloading 0 native plugins for Editor in 0.00 ms.
Mono: successfully reloaded assembly
- Completed reload, in  0.520 seconds
Domain Reload Profiling:
	ReloadAssembly (520ms)
		BeginReloadAssembly (78ms)
			ExecutionOrderSort (0ms)
			DisableScriptedObjects (0ms)
			BackupInstance (0ms)
			ReleaseScriptingObjects (0ms)
			CreateAndSetChildDomain (1ms)
		EndReloadAssembly (354ms)
			LoadAssemblies (76ms)
			RebuildTransferFunctionScriptingTraits (0ms)
			SetupTypeCache (85ms)
			ReleaseScriptCaches (0ms)
			RebuildScriptCaches (22ms)
			SetupLoadedEditorAssemblies (204ms)
				LogAssemblyErrors (0ms)
				InitializePlatformSupportModulesInManaged (7ms)
				SetLoadedEditorAssemblies (0ms)
				RefreshPlugins (58ms)
				BeforeProcessingInitializeOnLoad (1ms)
				ProcessInitializeOnLoadAttributes (97ms)
				ProcessInitializeOnLoadMethodAttributes (40ms)
				AfterProcessingInitializeOnLoad (0ms)
				EditorAssembliesLoaded (0ms)
			ExecutionOrderSort2 (0ms)
			AwakeInstancesAfterBackupRestoration (0ms)
Platform modules already initialized, skipping
Registering precompiled user dll's ...
Registered in 0.004932 seconds.
Begin MonoManager ReloadAssembly
Symbol file LoadedFromMemory doesn't match image C:\Users\seongjae\3D_SurvivorGame\Library\PackageCache\com.unity.visualscripting@1.8.0\Editor\VisualScripting.Core\Dependencies\YamlDotNet\Unity.VisualScripting.YamlDotNet.dll
Symbol file LoadedFromMemory doesn't match image C:\Users\seongjae\3D_SurvivorGame\Library\PackageCache\com.unity.visualscripting@1.8.0\Editor\VisualScripting.Core\Dependencies\DotNetZip\Unity.VisualScripting.IonicZip.dll
Native extension for WindowsStandalone target not found
Refreshing native plugins compatible for Editor in 0.46 ms, found 3 plugins.
Preloading 0 native plugins for Editor in 0.00 ms.
Mono: successfully reloaded assembly
- Completed reload, in  0.724 seconds
Domain Reload Profiling:
	ReloadAssembly (724ms)
		BeginReloadAssembly (95ms)
			ExecutionOrderSort (0ms)
			DisableScriptedObjects (4ms)
			BackupInstance (0ms)
			ReleaseScriptingObjects (0ms)
			CreateAndSetChildDomain (15ms)
		EndReloadAssembly (545ms)
			LoadAssemblies (75ms)
			RebuildTransferFunctionScriptingTraits (0ms)
			SetupTypeCache (179ms)
			ReleaseScriptCaches (0ms)
			RebuildScriptCaches (36ms)
			SetupLoadedEditorAssemblies (241ms)
				LogAssemblyErrors (0ms)
				InitializePlatformSupportModulesInManaged (5ms)
				SetLoadedEditorAssemblies (0ms)
				RefreshPlugins (1ms)
				BeforeProcessingInitializeOnLoad (57ms)
				ProcessInitializeOnLoadAttributes (158ms)
				ProcessInitializeOnLoadMethodAttributes (12ms)
				AfterProcessingInitializeOnLoad (7ms)
				EditorAssembliesLoaded (0ms)
			ExecutionOrderSort2 (0ms)
			AwakeInstancesAfterBackupRestoration (7ms)
Platform modules already initialized, skipping
========================================================================
Worker process is ready to serve import requests
Launched and connected shader compiler UnityShaderCompiler.exe after 0.03 seconds
Refreshing native plugins compatible for Editor in 0.43 ms, found 3 plugins.
Preloading 0 native plugins for Editor in 0.00 ms.
Unloading 3049 Unused Serialized files (Serialized files now loaded: 0)
Unloading 23 unused Assets / (89.0 KB). Loaded Objects now: 3541.
Memory consumption went from 128.5 MB to 128.5 MB.
Total: 3.433400 ms (FindLiveObjects: 0.258800 ms CreateObjectMapping: 0.142100 ms MarkObjects: 2.911600 ms  DeleteObjects: 0.119800 ms)

AssetImportParameters requested are different than current active one (requested -> active):
  custom:video-decoder-ogg-theora: a1e56fd34408186e4bbccfd4996cb3dc -> 
  custom:container-muxer-webm: aa71ff27fc2769a1b78a27578f13a17b -> 
  custom:container-demuxer-webm: 4f35f7cbe854078d1ac9338744f61a02 -> 
  custom:video-encoder-webm-vp8: eb34c28f22e8b96e1ab97ce403110664 -> 
  custom:audio-encoder-webm-vorbis: bf7c407c2cedff20999df2af8eb42d56 -> 
  custom:framework-win-MediaFoundation: 216162199b28c13a410421893ffa2e32 -> 
  custom:container-demuxer-ogg: 62fdf1f143b41e24485cea50d1cbac27 -> 
  custom:video-decoder-webm-vp8: 9c59270c3fd7afecdb556c50c9e8de78 -> 
  custom:audio-decoder-ogg-vorbis: bf7c407c2cedff20999df2af8eb42d56 -> 
========================================================================
Received Import Request.
  Time since last request: 783322.216171 seconds.
  path: Assets/Assets/Image/Item/item_leaf.png
  artifactKey: Guid(c24702f6795a3ef438cf3cebcbdb4014) Importer(815301076,1909f56bfc062723c751e8b465ee728b)
Start importing Assets/Assets/Image/Item/item_leaf.png using Guid(c24702f6795a3ef438cf3cebcbdb4014) Importer(815301076,1909f56bfc062723c751e8b465ee728b)  -> (artifact id: 'b54c8ce051b12e1042291626c75ccd77') in 0.105199 seconds 
========================================================================
Received Import Request.
  Time since last request: 1.769775 seconds.
  path: Assets/Assets/Image/UI/Archemy Table/Archemy_Button.png
  artifactKey: Guid(71a4e70f6a586c44791c60a35e9b8696) Importer(815301076,1909f56bfc062723c751e8b465ee728b)
Start importing Assets/Assets/Image/UI/Archemy Table/Archemy_Button.png using Guid(71a4e70f6a586c44791c60a35e9b8696) Importer(815301076,1909f56bfc062723c751e8b465ee728b)  -> (artifact id: 'cd5cb82a73bb61d265b3264640677f27') in 0.011957 seconds 
========================================================================
Received Import Request.
  Time since last request: 2.870897 seconds.
  path: Assets/Assets/Image/UI/Craft_Manual/Craft_Manual_Base_Slot.png
  artifactKey: Guid(fb37cb2f86a8e6b4fb585f971dc63405) Importer(815301076,1909f56bfc062723c751e8b465ee728b)
Start importing Assets/Assets/Image/UI/Craft_Manual/Craft_Manual_Base_Slot.png using Guid(fb37cb2f86a8e6b4fb585f971dc63405) Importer(815301076,1909f56bfc062723c751e8b465ee728b)  -> (artifact id: 'e652f5c8dcebf4b098530e81d437baa1') in 0.020918 seconds 
========================================================================
Received Import Request.
  Time since last request: 0.000018 seconds.
  path: Assets/Assets/Image/UI/Craft_Manual/Craft_Manul_BuildTab_Roof Cliff.png
  artifactKey: Guid(c87b3b76347b01944a95d329b3a89d34) Importer(815301076,1909f56bfc062723c751e8b465ee728b)
Start importing Assets/Assets/Image/UI/Craft_Manual/Craft_Manul_BuildTab_Roof Cliff.png using Guid(c87b3b76347b01944a95d329b3a89d34) Importer(815301076,1909f56bfc062723c751e8b465ee728b)  -> (artifact id: '171b3535e38558edb064d6ee4b3a373a') in 0.011291 seconds 
========================================================================
Received Import Request.
  Time since last request: 0.000025 seconds.
  path: Assets/Assets/Image/UI/Craft_Manual/Craft_Manul_BuildTab_Pillar.png
  artifactKey: Guid(0dae3b7ee6c2d084294dc559f80c559b) Importer(815301076,1909f56bfc062723c751e8b465ee728b)
Start importing Assets/Assets/Image/UI/Craft_Manual/Craft_Manul_BuildTab_Pillar.png using Guid(0dae3b7ee6c2d084294dc559f80c559b) Importer(815301076,1909f56bfc062723c751e8b465ee728b)  -> (artifact id: 'ee781b59a7bc84b039c636409f21e383') in 0.013119 seconds 
========================================================================
Received Import Request.
  Time since last request: 0.000025 seconds.
  path: Assets/Assets/Image/UI/Craft_Manual/Craft_Manul_BuildTab_Roof Tip.png
  artifactKey: Guid(197781ff3e387ee42afeca0c8e665e2d) Importer(815301076,1909f56bfc062723c751e8b465ee728b)
Start importing Assets/Assets/Image/UI/Craft_Manual/Craft_Manul_BuildTab_Roof Tip.png using Guid(197781ff3e387ee42afeca0c8e665e2d) Importer(815301076,1909f56bfc062723c751e8b465ee728b)  -> (artifact id: '810276195a795cabfa9cf8283abbf7c4') in 0.014294 seconds 
========================================================================
Received Import Request.
  Time since last request: 2.661262 seconds.
  path: Assets/Assets/Image/UI/Inventory/Inventory_Slot.png
  artifactKey: Guid(b35d605bfcd654a40b61790465ed5fda) Importer(815301076,1909f56bfc062723c751e8b465ee728b)
Start importing Assets/Assets/Image/UI/Inventory/Inventory_Slot.png using Guid(b35d605bfcd654a40b61790465ed5fda) Importer(815301076,1909f56bfc062723c751e8b465ee728b)  -> (artifact id: '2bdecc2b90e4e60bcb051605b762993f') in 0.020792 seconds 
========================================================================
Received Import Request.
  Time since last request: 4.562205 seconds.
  path: Assets/Assets/Image/UI/Pose/Pose_Stand.png
  artifactKey: Guid(be620cf345492044ab19bd483fd5f36e) Importer(815301076,1909f56bfc062723c751e8b465ee728b)
Start importing Assets/Assets/Image/UI/Pose/Pose_Stand.png using Guid(be620cf345492044ab19bd483fd5f36e) Importer(815301076,1909f56bfc062723c751e8b465ee728b)  -> (artifact id: 'c46826a5123e2896ad005fe47c512f86') in 0.024894 seconds 
========================================================================
Received Import Request.
  Time since last request: 8.110370 seconds.
  path: Assets/Assets/Image/UI/Status/Status_Bullet_Base.png
  artifactKey: Guid(e6e2653e8485d4e40945ca3097e9d818) Importer(815301076,1909f56bfc062723c751e8b465ee728b)
Start importing Assets/Assets/Image/UI/Status/Status_Bullet_Base.png using Guid(e6e2653e8485d4e40945ca3097e9d818) Importer(815301076,1909f56bfc062723c751e8b465ee728b)  -> (artifact id: '47a007ca7533dcec83ac39c3c81b3e6e') in 0.028054 seconds 
========================================================================
Received Import Request.
  Time since last request: 0.000020 seconds.
  path: Assets/Assets/Image/UI/Status/Status_Hungry.png
  artifactKey: Guid(4d94b00447a4a044d8d6ea638598acdb) Importer(815301076,1909f56bfc062723c751e8b465ee728b)
Start importing Assets/Assets/Image/UI/Status/Status_Hungry.png using Guid(4d94b00447a4a044d8d6ea638598acdb) Importer(815301076,1909f56bfc062723c751e8b465ee728b)  -> (artifact id: 'bac134afe47d399899d8c8ad8f14a987') in 0.030091 seconds 
========================================================================
Received Import Request.
  Time since last request: 9.881662 seconds.
  path: Assets/Assets/SkyBox/SkyBox_BlueSky.png
  artifactKey: Guid(dc385a23bfabfe84b92df15ece249b2f) Importer(815301076,1909f56bfc062723c751e8b465ee728b)
Start importing Assets/Assets/SkyBox/SkyBox_BlueSky.png using Guid(dc385a23bfabfe84b92df15ece249b2f) Importer(815301076,1909f56bfc062723c751e8b465ee728b)  -> (artifact id: 'd55dcdddda906cf6ba687cac90d0d832') in 0.020734 seconds 
========================================================================
Received Import Request.
  Time since last request: 3.947503 seconds.
  path: Assets/Assets/Water Shader/Water.mat
  artifactKey: Guid(f3b927b460627a04a9a156b74065c746) Importer(815301076,1909f56bfc062723c751e8b465ee728b)
Start importing Assets/Assets/Water Shader/Water.mat using Guid(f3b927b460627a04a9a156b74065c746) Importer(815301076,1909f56bfc062723c751e8b465ee728b)  -> (artifact id: 'e1e68cc84e271d7c8d3926bb96f4783f') in 0.096179 seconds 
========================================================================
Received Import Request.
  Time since last request: 3.141519 seconds.
  path: Assets/Tree_Textures/normal_specular.png
  artifactKey: Guid(d35ad56f1e536554b92afacc112f4156) Importer(815301076,1909f56bfc062723c751e8b465ee728b)
Start importing Assets/Tree_Textures/normal_specular.png using Guid(d35ad56f1e536554b92afacc112f4156) Importer(815301076,1909f56bfc062723c751e8b465ee728b)  -> (artifact id: '6fc4194cb1e4c6fe33e3ec07455b524d') in 0.009555 seconds 
Editor requested this worker to shutdown with reason: Scaling down because of idle timeout
AssetImportWorker is now disconnected from the server
Process exiting
Exiting without the bug reporter. Application will terminate with return code 0