Using pre-set license
Built from '2021.3/staging' branch; Version is '2021.3.21f1 (1b156197d683) revision 1774945'; Using compiler version '192829333'; Build Type 'Release'
OS: 'Windows 11  (10.0.22000) 64bit Professional' Language: 'ko' Physical Memory: 16100 MB
BatchMode: 1, IsHumanControllingUs: 0, StartBugReporterOnCrash: 0, Is64bit: 1, IsPro: 1

COMMAND LINE ARGUMENTS:
C:\Program Files\Unity\Hub\Editor\2021.3.21f1\Editor\Unity.exe
-adb2
-batchMode
-noUpm
-name
AssetImportWorker5
-projectPath
C:/Users/seongjae/3D_SurvivorGame
-logFile
Logs/AssetImportWorker5.log
-srvPort
53195
Successfully changed project path to: C:/Users/seongjae/3D_SurvivorGame
C:/Users/seongjae/3D_SurvivorGame
[UnityMemory] Configuration Parameters - Can be set up in boot.config
    "memorysetup-bucket-allocator-granularity=16"
    "memorysetup-bucket-allocator-bucket-count=8"
    "memorysetup-bucket-allocator-block-size=33554432"
    "memorysetup-bucket-allocator-block-count=8"
    "memorysetup-main-allocator-block-size=16777216"
    "memorysetup-thread-allocator-block-size=16777216"
    "memorysetup-gfx-main-allocator-block-size=16777216"
    "memorysetup-gfx-thread-allocator-block-size=16777216"
    "memorysetup-cache-allocator-block-size=4194304"
    "memorysetup-typetree-allocator-block-size=2097152"
    "memorysetup-profiler-bucket-allocator-granularity=16"
    "memorysetup-profiler-bucket-allocator-bucket-count=8"
    "memorysetup-profiler-bucket-allocator-block-size=33554432"
    "memorysetup-profiler-bucket-allocator-block-count=8"
    "memorysetup-profiler-allocator-block-size=16777216"
    "memorysetup-profiler-editor-allocator-block-size=1048576"
    "memorysetup-temp-allocator-size-main=16777216"
    "memorysetup-job-temp-allocator-block-size=2097152"
    "memorysetup-job-temp-allocator-block-size-background=1048576"
    "memorysetup-job-temp-allocator-reduction-small-platforms=262144"
    "memorysetup-temp-allocator-size-background-worker=32768"
    "memorysetup-temp-allocator-size-job-worker=262144"
    "memorysetup-temp-allocator-size-preload-manager=33554432"
    "memorysetup-temp-allocator-size-nav-mesh-worker=65536"
    "memorysetup-temp-allocator-size-audio-worker=65536"
    "memorysetup-temp-allocator-size-cloud-worker=32768"
    "memorysetup-temp-allocator-size-gi-baking-worker=262144"
    "memorysetup-temp-allocator-size-gfx=262144"
Player connection [10912] Host "[IP] 192.168.46.1 [Port] 0 [Flags] 2 [Guid] 4205115426 [EditorId] 4205115426 [Version] 1048832 [Id] WindowsEditor(7,DESKTOP-NKIOUVQ) [Debug] 1 [PackageName] WindowsEditor [ProjectName] Editor" joined multi-casting on [225.0.0.222:54997]...

Player connection [10912] Host "[IP] 192.168.46.1 [Port] 0 [Flags] 2 [Guid] 4205115426 [EditorId] 4205115426 [Version] 1048832 [Id] WindowsEditor(7,DESKTOP-NKIOUVQ) [Debug] 1 [PackageName] WindowsEditor [ProjectName] Editor" joined alternative multi-casting on [225.0.0.222:34997]...

Refreshing native plugins compatible for Editor in 68.88 ms, found 3 plugins.
Preloading 0 native plugins for Editor in 0.00 ms.
Initialize engine version: 2021.3.21f1 (1b156197d683)
[Subsystems] Discovering subsystems at path C:/Program Files/Unity/Hub/Editor/2021.3.21f1/Editor/Data/Resources/UnitySubsystems
[Subsystems] Discovering subsystems at path C:/Users/seongjae/3D_SurvivorGame/Assets
GfxDevice: creating device client; threaded=0; jobified=0
Direct3D:
    Version:  Direct3D 11.0 [level 11.1]
    Renderer: NVIDIA GeForce RTX 2050 (ID=0x25a9)
    Vendor:   NVIDIA
    VRAM:     3993 MB
    Driver:   30.0.15.1228
Initialize mono
Mono path[0] = 'C:/Program Files/Unity/Hub/Editor/2021.3.21f1/Editor/Data/Managed'
Mono path[1] = 'C:/Program Files/Unity/Hub/Editor/2021.3.21f1/Editor/Data/MonoBleedingEdge/lib/mono/unityjit-win32'
Mono config path = 'C:/Program Files/Unity/Hub/Editor/2021.3.21f1/Editor/Data/MonoBleedingEdge/etc'
Using monoOptions --debugger-agent=transport=dt_socket,embedding=1,server=y,suspend=n,address=127.0.0.1:56748
Begin MonoManager ReloadAssembly
Registering precompiled unity dll's ...
Register platform support module: C:/Program Files/Unity/Hub/Editor/2021.3.21f1/Editor/Data/PlaybackEngines/WindowsStandaloneSupport/UnityEditor.WindowsStandalone.Extensions.dll
Registered in 0.007680 seconds.
Native extension for WindowsStandalone target not found
Refreshing native plugins compatible for Editor in 65.04 ms, found 3 plugins.
Preloading 0 native plugins for Editor in 0.00 ms.
Mono: successfully reloaded assembly
- Completed reload, in  0.587 seconds
Domain Reload Profiling:
	ReloadAssembly (588ms)
		BeginReloadAssembly (88ms)
			ExecutionOrderSort (0ms)
			DisableScriptedObjects (0ms)
			BackupInstance (0ms)
			ReleaseScriptingObjects (0ms)
			CreateAndSetChildDomain (1ms)
		EndReloadAssembly (403ms)
			LoadAssemblies (85ms)
			RebuildTransferFunctionScriptingTraits (0ms)
			SetupTypeCache (99ms)
			ReleaseScriptCaches (0ms)
			RebuildScriptCaches (25ms)
			SetupLoadedEditorAssemblies (232ms)
				LogAssemblyErrors (0ms)
				InitializePlatformSupportModulesInManaged (8ms)
				SetLoadedEditorAssemblies (0ms)
				RefreshPlugins (65ms)
				BeforeProcessingInitializeOnLoad (1ms)
				ProcessInitializeOnLoadAttributes (109ms)
				ProcessInitializeOnLoadMethodAttributes (49ms)
				AfterProcessingInitializeOnLoad (0ms)
				EditorAssembliesLoaded (0ms)
			ExecutionOrderSort2 (0ms)
			AwakeInstancesAfterBackupRestoration (0ms)
Platform modules already initialized, skipping
Registering precompiled user dll's ...
Registered in 0.005666 seconds.
Begin MonoManager ReloadAssembly
Symbol file LoadedFromMemory doesn't match image C:\Users\seongjae\3D_SurvivorGame\Library\PackageCache\com.unity.visualscripting@1.8.0\Editor\VisualScripting.Core\Dependencies\YamlDotNet\Unity.VisualScripting.YamlDotNet.dll
Symbol file LoadedFromMemory doesn't match image C:\Users\seongjae\3D_SurvivorGame\Library\PackageCache\com.unity.visualscripting@1.8.0\Editor\VisualScripting.Core\Dependencies\DotNetZip\Unity.VisualScripting.IonicZip.dll
Native extension for WindowsStandalone target not found
Refreshing native plugins compatible for Editor in 0.57 ms, found 3 plugins.
Preloading 0 native plugins for Editor in 0.00 ms.
Mono: successfully reloaded assembly
- Completed reload, in  0.940 seconds
Domain Reload Profiling:
	ReloadAssembly (941ms)
		BeginReloadAssembly (121ms)
			ExecutionOrderSort (0ms)
			DisableScriptedObjects (6ms)
			BackupInstance (0ms)
			ReleaseScriptingObjects (0ms)
			CreateAndSetChildDomain (18ms)
		EndReloadAssembly (718ms)
			LoadAssemblies (93ms)
			RebuildTransferFunctionScriptingTraits (0ms)
			SetupTypeCache (251ms)
			ReleaseScriptCaches (0ms)
			RebuildScriptCaches (43ms)
			SetupLoadedEditorAssemblies (305ms)
				LogAssemblyErrors (0ms)
				InitializePlatformSupportModulesInManaged (6ms)
				SetLoadedEditorAssemblies (0ms)
				RefreshPlugins (1ms)
				BeforeProcessingInitializeOnLoad (70ms)
				ProcessInitializeOnLoadAttributes (202ms)
				ProcessInitializeOnLoadMethodAttributes (17ms)
				AfterProcessingInitializeOnLoad (8ms)
				EditorAssembliesLoaded (0ms)
			ExecutionOrderSort2 (0ms)
			AwakeInstancesAfterBackupRestoration (8ms)
Platform modules already initialized, skipping
========================================================================
Worker process is ready to serve import requests
Launched and connected shader compiler UnityShaderCompiler.exe after 0.04 seconds
Refreshing native plugins compatible for Editor in 0.75 ms, found 3 plugins.
Preloading 0 native plugins for Editor in 0.00 ms.
Unloading 3049 Unused Serialized files (Serialized files now loaded: 0)
Unloading 24 unused Assets / (113.7 KB). Loaded Objects now: 3526.
Memory consumption went from 120.3 MB to 120.2 MB.
Total: 3.412500 ms (FindLiveObjects: 0.369900 ms CreateObjectMapping: 0.164100 ms MarkObjects: 2.704900 ms  DeleteObjects: 0.171800 ms)

AssetImportParameters requested are different than current active one (requested -> active):
  custom:video-decoder-ogg-theora: a1e56fd34408186e4bbccfd4996cb3dc -> 
  custom:container-muxer-webm: aa71ff27fc2769a1b78a27578f13a17b -> 
  custom:container-demuxer-webm: 4f35f7cbe854078d1ac9338744f61a02 -> 
  custom:video-encoder-webm-vp8: eb34c28f22e8b96e1ab97ce403110664 -> 
  custom:audio-encoder-webm-vorbis: bf7c407c2cedff20999df2af8eb42d56 -> 
  custom:framework-win-MediaFoundation: 216162199b28c13a410421893ffa2e32 -> 
  custom:container-demuxer-ogg: 62fdf1f143b41e24485cea50d1cbac27 -> 
  custom:video-decoder-webm-vp8: 9c59270c3fd7afecdb556c50c9e8de78 -> 
  custom:audio-decoder-ogg-vorbis: bf7c407c2cedff20999df2af8eb42d56 -> 
========================================================================
Received Import Request.
  Time since last request: 782996.320085 seconds.
  path: Assets/Assets/Image/UI/Oxygen/Oxygen_Base_UI.png
  artifactKey: Guid(94ead5f832a335143b9a5f1a8d94ee2c) Importer(815301076,1909f56bfc062723c751e8b465ee728b)
Start importing Assets/Assets/Image/UI/Oxygen/Oxygen_Base_UI.png using Guid(94ead5f832a335143b9a5f1a8d94ee2c) Importer(815301076,1909f56bfc062723c751e8b465ee728b)  -> (artifact id: '6edf484c8e5f41610d8de28ea4bbf908') in 0.082289 seconds 
========================================================================
Received Import Request.
  Time since last request: 0.502485 seconds.
  path: Assets/Assets/Image/UI/Quick Slot/QuickSlot_UI_Equiped.png
  artifactKey: Guid(84baed6c1d931f844b1be7fcc0bfbd16) Importer(815301076,1909f56bfc062723c751e8b465ee728b)
Start importing Assets/Assets/Image/UI/Quick Slot/QuickSlot_UI_Equiped.png using Guid(84baed6c1d931f844b1be7fcc0bfbd16) Importer(815301076,1909f56bfc062723c751e8b465ee728b)  -> (artifact id: '02823db21bfd5d5f00f1e0d76fe18c3b') in 0.020443 seconds 
========================================================================
Received Import Request.
  Time since last request: 0.000018 seconds.
  path: Assets/Assets/Image/UI/Quick Slot/QuickSlot_UI_Selected.png
  artifactKey: Guid(233ee4bbc439cb24fb5aa451d4b53675) Importer(815301076,1909f56bfc062723c751e8b465ee728b)
Start importing Assets/Assets/Image/UI/Quick Slot/QuickSlot_UI_Selected.png using Guid(233ee4bbc439cb24fb5aa451d4b53675) Importer(815301076,1909f56bfc062723c751e8b465ee728b)  -> (artifact id: '568078593ae6801f9233f8289f317912') in 0.010110 seconds 
========================================================================
Received Import Request.
  Time since last request: 301.605227 seconds.
  path: Assets/Assets/Particle System/Flame/Flame_PS.prefab
  artifactKey: Guid(38bafc07fd5dc25499ddf5af518e9c8c) Importer(815301076,1909f56bfc062723c751e8b465ee728b)
Start importing Assets/Assets/Particle System/Flame/Flame_PS.prefab using Guid(38bafc07fd5dc25499ddf5af518e9c8c) Importer(815301076,1909f56bfc062723c751e8b465ee728b)  -> (artifact id: '6e684547b96f534beba78c54c61ff993') in 0.082199 seconds 
========================================================================
Received Import Request.
  Time since last request: 0.000023 seconds.
  path: Assets/Assets/Particle System/Flame/Point Light.prefab
  artifactKey: Guid(76028c01d74a14b43bc85039e76350e7) Importer(815301076,1909f56bfc062723c751e8b465ee728b)
Start importing Assets/Assets/Particle System/Flame/Point Light.prefab using Guid(76028c01d74a14b43bc85039e76350e7) Importer(815301076,1909f56bfc062723c751e8b465ee728b)  -> (artifact id: '56c56b06852aa4f49678a60e2b70e1c4') in 0.007335 seconds 
========================================================================
Received Import Request.
  Time since last request: 0.000036 seconds.
  path: Assets/Assets/Particle System/Flame/New Material 1.mat
  artifactKey: Guid(d3b2fef7c7d9d0b4eb719b91af4b02f5) Importer(815301076,1909f56bfc062723c751e8b465ee728b)
Start importing Assets/Assets/Particle System/Flame/New Material 1.mat using Guid(d3b2fef7c7d9d0b4eb719b91af4b02f5) Importer(815301076,1909f56bfc062723c751e8b465ee728b)  -> (artifact id: '118ec25277279ac7eccb3bc6d91ecfe0') in 0.091637 seconds 
========================================================================
Received Import Request.
  Time since last request: 23.468061 seconds.
  path: Assets/Assets/Image/Item/item_log.png
  artifactKey: Guid(f79f49db1063dde4ea843bb458d9315f) Importer(815301076,1909f56bfc062723c751e8b465ee728b)
Start importing Assets/Assets/Image/Item/item_log.png using Guid(f79f49db1063dde4ea843bb458d9315f) Importer(815301076,1909f56bfc062723c751e8b465ee728b)  -> (artifact id: '54c8d9e9ffd2c876ec1dfc4bbbec6867') in 0.015110 seconds 
========================================================================
Received Import Request.
  Time since last request: 0.000033 seconds.
  path: Assets/Assets/Image/Item/item_twig.png
  artifactKey: Guid(0e92232dd32c9344a92e77d5703d7d42) Importer(815301076,1909f56bfc062723c751e8b465ee728b)
Start importing Assets/Assets/Image/Item/item_twig.png using Guid(0e92232dd32c9344a92e77d5703d7d42) Importer(815301076,1909f56bfc062723c751e8b465ee728b)  -> (artifact id: 'e7653773a61db1a32ae9d499c98067e3') in 0.015498 seconds 
========================================================================
Received Import Request.
  Time since last request: 0.000028 seconds.
  path: Assets/Assets/Image/Item/item_submachineGun.png
  artifactKey: Guid(49394a42bc5b1914984e8b09d35df85f) Importer(815301076,1909f56bfc062723c751e8b465ee728b)
Start importing Assets/Assets/Image/Item/item_submachineGun.png using Guid(49394a42bc5b1914984e8b09d35df85f) Importer(815301076,1909f56bfc062723c751e8b465ee728b)  -> (artifact id: 'b6ee3607adc34d0f91f02ec8ec670f76') in 0.015915 seconds 
========================================================================
Received Import Request.
  Time since last request: 0.000034 seconds.
  path: Assets/Assets/Image/Item/item_Used_Meat_Raw.png
  artifactKey: Guid(e25ddade550b4fc439148bad03a6365b) Importer(815301076,1909f56bfc062723c751e8b465ee728b)
Start importing Assets/Assets/Image/Item/item_Used_Meat_Raw.png using Guid(e25ddade550b4fc439148bad03a6365b) Importer(815301076,1909f56bfc062723c751e8b465ee728b)  -> (artifact id: '49bd7414b1c3c56edab7123cba1d3cb6') in 0.015663 seconds 
========================================================================
Received Import Request.
  Time since last request: 0.000024 seconds.
  path: Assets/Assets/Image/Item/item_rock.png
  artifactKey: Guid(536e259ce081dea48a57b489fa81c8a6) Importer(815301076,1909f56bfc062723c751e8b465ee728b)
Start importing Assets/Assets/Image/Item/item_rock.png using Guid(536e259ce081dea48a57b489fa81c8a6) Importer(815301076,1909f56bfc062723c751e8b465ee728b)  -> (artifact id: '36cd40535a6d2caa319eb39430f9cd60') in 0.012769 seconds 
========================================================================
Received Import Request.
  Time since last request: 0.000030 seconds.
  path: Assets/Assets/Image/Item/item_submachinegun2.png
  artifactKey: Guid(6e0d8e973231cdd429bdf7891001132f) Importer(815301076,1909f56bfc062723c751e8b465ee728b)
Start importing Assets/Assets/Image/Item/item_submachinegun2.png using Guid(6e0d8e973231cdd429bdf7891001132f) Importer(815301076,1909f56bfc062723c751e8b465ee728b)  -> (artifact id: '1b3bd5de67b99172df4efa2e9ccafa72') in 0.011303 seconds 
========================================================================
Received Import Request.
  Time since last request: 4.649554 seconds.
  path: Assets/Assets/Image/UI/Craft_Manual/Craft_Manual_Base_Tab.png
  artifactKey: Guid(a3837e3ac2ab77f488d4bad5632ccb34) Importer(815301076,1909f56bfc062723c751e8b465ee728b)
Start importing Assets/Assets/Image/UI/Craft_Manual/Craft_Manual_Base_Tab.png using Guid(a3837e3ac2ab77f488d4bad5632ccb34) Importer(815301076,1909f56bfc062723c751e8b465ee728b)  -> (artifact id: '71939f48c7b3a0acbfe62bcb39f2c86c') in 0.020019 seconds 
========================================================================
Received Import Request.
  Time since last request: 0.000017 seconds.
  path: Assets/Assets/Image/UI/Craft_Manual/Craft_Manual_Tab_1.png
  artifactKey: Guid(d628c9a5cec3b61409d2c1cbfe068852) Importer(815301076,1909f56bfc062723c751e8b465ee728b)
Start importing Assets/Assets/Image/UI/Craft_Manual/Craft_Manual_Tab_1.png using Guid(d628c9a5cec3b61409d2c1cbfe068852) Importer(815301076,1909f56bfc062723c751e8b465ee728b)  -> (artifact id: 'e03f1a049d65f352a2f8c3e30ce7fca7') in 0.010903 seconds 
========================================================================
Received Import Request.
  Time since last request: 0.000052 seconds.
  path: Assets/Assets/Image/UI/Craft_Manual/Craft_Manual_Tab_2.png
  artifactKey: Guid(cff80c932e9bddc4ca4fdf66206c781a) Importer(815301076,1909f56bfc062723c751e8b465ee728b)
Start importing Assets/Assets/Image/UI/Craft_Manual/Craft_Manual_Tab_2.png using Guid(cff80c932e9bddc4ca4fdf66206c781a) Importer(815301076,1909f56bfc062723c751e8b465ee728b)  -> (artifact id: '005219a063470eb0ff34d274e158c87e') in 0.015701 seconds 
========================================================================
Received Import Request.
  Time since last request: 0.000022 seconds.
  path: Assets/Assets/Image/UI/Craft_Manual/Craft_Manul_BuildTab_floor.png
  artifactKey: Guid(b435c981da7f3224bb60489375434785) Importer(815301076,1909f56bfc062723c751e8b465ee728b)
Start importing Assets/Assets/Image/UI/Craft_Manual/Craft_Manul_BuildTab_floor.png using Guid(b435c981da7f3224bb60489375434785) Importer(815301076,1909f56bfc062723c751e8b465ee728b)  -> (artifact id: 'a05920a3a36fc73f6b2bdcd06f8db26a') in 0.014053 seconds 
========================================================================
Received Import Request.
  Time since last request: 2.659813 seconds.
  path: Assets/Assets/Image/UI/Inventory/Inventory_Slot_Count_UI.png
  artifactKey: Guid(20d047c30b180e146af8e9dcddb97265) Importer(815301076,1909f56bfc062723c751e8b465ee728b)
Start importing Assets/Assets/Image/UI/Inventory/Inventory_Slot_Count_UI.png using Guid(20d047c30b180e146af8e9dcddb97265) Importer(815301076,1909f56bfc062723c751e8b465ee728b)  -> (artifact id: '69e1455e983c3ab47c01c6fc0a541777') in 0.020636 seconds 
========================================================================
Received Import Request.
  Time since last request: 12.702011 seconds.
  path: Assets/Assets/Image/UI/Status/Status_DP.png
  artifactKey: Guid(82318a3269a6a0b4e990a51a8efacab7) Importer(815301076,1909f56bfc062723c751e8b465ee728b)
Start importing Assets/Assets/Image/UI/Status/Status_DP.png using Guid(82318a3269a6a0b4e990a51a8efacab7) Importer(815301076,1909f56bfc062723c751e8b465ee728b)  -> (artifact id: 'ecc7f3fb2fc2a93b961d168db1dbfbf6') in 0.022660 seconds 
========================================================================
Received Import Request.
  Time since last request: 0.000019 seconds.
  path: Assets/Assets/Image/UI/Status/Status_Thirsty.png
  artifactKey: Guid(c6059ecbf9ffd6d4ab4004bfe6871dc1) Importer(815301076,1909f56bfc062723c751e8b465ee728b)
Start importing Assets/Assets/Image/UI/Status/Status_Thirsty.png using Guid(c6059ecbf9ffd6d4ab4004bfe6871dc1) Importer(815301076,1909f56bfc062723c751e8b465ee728b)  -> (artifact id: '914acdd3c1e3872720d635e503353614') in 0.034337 seconds 
========================================================================
Received Import Request.
  Time since last request: 17.098197 seconds.
  path: Assets/Tree_Textures/shadow.png
  artifactKey: Guid(bda872ba87e852d478cd6a1f79095295) Importer(815301076,1909f56bfc062723c751e8b465ee728b)
Start importing Assets/Tree_Textures/shadow.png using Guid(bda872ba87e852d478cd6a1f79095295) Importer(815301076,1909f56bfc062723c751e8b465ee728b)  -> (artifact id: '1ccc7813b09b39e00e616dec40d42fca') in 0.012190 seconds 
Editor requested this worker to shutdown with reason: Scaling down because of idle timeout
AssetImportWorker is now disconnected from the server
Process exiting
Exiting without the bug reporter. Application will terminate with return code 0